@!@!@STARTMSG 2262:0 @!@!@
TLC2 Version 2.16 of 31 December 2020 (rev: cdddf55)
@!@!@ENDMSG 2262 @!@!@
@!@!@STARTMSG 2187:0 @!@!@
Running breadth-first search Model-Checking with fp 38 and seed 5816064612328260522 with 6 workers on 12 cores with 1157MB heap and 2603MB offheap memory [pid: 14336] (Linux 4.18.0-425.3.1.el8.x86_64 amd64, AdoptOpenJDK 14.0.1 x86_64, OffHeapDiskFPSet, DiskStateQueue).
@!@!@ENDMSG 2187 @!@!@
@!@!@STARTMSG 2220:0 @!@!@
Starting SANY...
@!@!@ENDMSG 2220 @!@!@
Parsing file /eecs/home/chiddy00/Desktop/EECS4315/Lab2_Example_1_Find_2nd_Max.toolbox/Model_1/MC.tla
Parsing file /eecs/home/chiddy00/Desktop/EECS4315/Lab2_Example_1_Find_2nd_Max.toolbox/Model_1/Lab2_Example_1_Find_2nd_Max.tla
Labels added.
Parsing file /eecs/local/pkg/tlatoolbox-1.7.1/plugins/org.lamport.tlatools_1.0.0.202012311918/tla2sany/StandardModules/TLC.tla
Parsing file /eecs/local/pkg/tlatoolbox-1.7.1/plugins/org.lamport.tlatools_1.0.0.202012311918/tla2sany/StandardModules/Integers.tla
Parsing file /eecs/local/pkg/tlatoolbox-1.7.1/plugins/org.lamport.tlatools_1.0.0.202012311918/tla2sany/StandardModules/Sequences.tla
Parsing file /eecs/local/pkg/tlatoolbox-1.7.1/plugins/org.lamport.tlatools_1.0.0.202012311918/tla2sany/StandardModules/Naturals.tla
Parsing file /eecs/local/pkg/tlatoolbox-1.7.1/plugins/org.lamport.tlatools_1.0.0.202012311918/tla2sany/StandardModules/FiniteSets.tla
Semantic processing of module Naturals
Semantic processing of module Integers
Semantic processing of module Sequences
Semantic processing of module FiniteSets
Semantic processing of module TLC
Semantic processing of module Lab2_Example_1_Find_2nd_Max
Semantic processing of module MC
@!@!@STARTMSG 2219:0 @!@!@
SANY finished.
@!@!@ENDMSG 2219 @!@!@
@!@!@STARTMSG 2185:0 @!@!@
Starting... (2023-03-03 22:13:25)
@!@!@ENDMSG 2185 @!@!@
@!@!@STARTMSG 2189:0 @!@!@
Computing initial states...
@!@!@ENDMSG 2189 @!@!@
@!@!@STARTMSG 2269:0 @!@!@
Computed 2 initial states...
@!@!@ENDMSG 2269 @!@!@
@!@!@STARTMSG 2269:0 @!@!@
Computed 4 initial states...
@!@!@ENDMSG 2269 @!@!@
@!@!@STARTMSG 2269:0 @!@!@
Computed 8 initial states...
@!@!@ENDMSG 2269 @!@!@
@!@!@STARTMSG 2269:0 @!@!@
Computed 16 initial states...
@!@!@ENDMSG 2269 @!@!@
@!@!@STARTMSG 2269:0 @!@!@
Computed 32 initial states...
@!@!@ENDMSG 2269 @!@!@
@!@!@STARTMSG 2190:0 @!@!@
Finished computing initial states: 48 distinct states generated at 2023-03-03 22:13:26.
@!@!@ENDMSG 2190 @!@!@
@!@!@STARTMSG 2132:1 @!@!@
The first argument of Assert evaluated to FALSE; the second argument was:
"Failure of assertion at line 41, column 13."
@!@!@ENDMSG 2132 @!@!@
@!@!@STARTMSG 2121:1 @!@!@
The behavior up to this point is:
@!@!@ENDMSG 2121 @!@!@
@!@!@STARTMSG 2217:4 @!@!@
1: <Initial predicate>
/\ result = 23
/\ x = 23
/\ y = 77
/\ z = 59
/\ pc = "Lbl_1"

@!@!@ENDMSG 2217 @!@!@
@!@!@STARTMSG 2103:1 @!@!@
The error occurred when TLC was evaluating the nested
expressions at the following positions:
0. Line 76, column 10 to line 108, column 35 in Lab2_Example_1_Find_2nd_Max
1. Line 76, column 13 to line 76, column 24 in Lab2_Example_1_Find_2nd_Max
2. Line 77, column 13 to line 87, column 56 in Lab2_Example_1_Find_2nd_Max
3. Line 81, column 21 to line 87, column 56 in Lab2_Example_1_Find_2nd_Max
4. Line 81, column 24 to line 87, column 56 in Lab2_Example_1_Find_2nd_Max
5. Line 82, column 32 to line 84, column 56 in Lab2_Example_1_Find_2nd_Max
6. Line 82, column 35 to line 84, column 56 in Lab2_Example_1_Find_2nd_Max
7. Line 83, column 43 to line 83, column 56 in Lab2_Example_1_Find_2nd_Max
8. Line 83, column 46 to line 83, column 56 in Lab2_Example_1_Find_2nd_Max
9. Line 88, column 13 to line 106, column 65 in Lab2_Example_1_Find_2nd_Max


@!@!@ENDMSG 2103 @!@!@
@!@!@STARTMSG 2201:0 @!@!@
The coverage statistics at 2023-03-03 22:13:26
@!@!@ENDMSG 2201 @!@!@
@!@!@STARTMSG 2773:0 @!@!@
<Init line 69, col 1 to line 69, col 4 of module Lab2_Example_1_Find_2nd_Max>: 48:48
@!@!@ENDMSG 2773 @!@!@
@!@!@STARTMSG 2221:0 @!@!@
  line 70, col 12 to line 70, col 34 of module Lab2_Example_1_Find_2nd_Max: 1
@!@!@ENDMSG 2221 @!@!@
@!@!@STARTMSG 2221:0 @!@!@
  line 71, col 12 to line 71, col 34 of module Lab2_Example_1_Find_2nd_Max: 4
@!@!@ENDMSG 2221 @!@!@
@!@!@STARTMSG 2221:0 @!@!@
  line 72, col 12 to line 72, col 28 of module Lab2_Example_1_Find_2nd_Max: 16
@!@!@ENDMSG 2221 @!@!@
@!@!@STARTMSG 2221:0 @!@!@
  line 73, col 12 to line 73, col 21 of module Lab2_Example_1_Find_2nd_Max: 48
@!@!@ENDMSG 2221 @!@!@
@!@!@STARTMSG 2221:0 @!@!@
  line 74, col 12 to line 74, col 23 of module Lab2_Example_1_Find_2nd_Max: 48
@!@!@ENDMSG 2221 @!@!@
@!@!@STARTMSG 2772:0 @!@!@
<Lbl_1 line 76, col 1 to line 76, col 5 of module Lab2_Example_1_Find_2nd_Max>: 43:43
@!@!@ENDMSG 2772 @!@!@
@!@!@STARTMSG 2221:0 @!@!@
  line 76, col 13 to line 76, col 24 of module Lab2_Example_1_Find_2nd_Max: 135
@!@!@ENDMSG 2221 @!@!@
@!@!@STARTMSG 2221:0 @!@!@
  |line 76, col 13 to line 76, col 14 of module Lab2_Example_1_Find_2nd_Max: 92
@!@!@ENDMSG 2221 @!@!@
@!@!@STARTMSG 2221:0 @!@!@
  line 77, col 16 to line 77, col 29 of module Lab2_Example_1_Find_2nd_Max: 49
@!@!@ENDMSG 2221 @!@!@
@!@!@STARTMSG 2221:0 @!@!@
  |line 77, col 16 to line 77, col 20 of module Lab2_Example_1_Find_2nd_Max: 49
@!@!@ENDMSG 2221 @!@!@
@!@!@STARTMSG 2221:0 @!@!@
  |line 77, col 25 to line 77, col 29 of module Lab2_Example_1_Find_2nd_Max: 30
@!@!@ENDMSG 2221 @!@!@
@!@!@STARTMSG 2221:0 @!@!@
  line 78, col 27 to line 78, col 31 of module Lab2_Example_1_Find_2nd_Max: 26
@!@!@ENDMSG 2221 @!@!@
@!@!@STARTMSG 2221:0 @!@!@
  line 79, col 32 to line 79, col 45 of module Lab2_Example_1_Find_2nd_Max: 13
@!@!@ENDMSG 2221 @!@!@
@!@!@STARTMSG 2221:0 @!@!@
  line 80, col 32 to line 80, col 45 of module Lab2_Example_1_Find_2nd_Max: 13
@!@!@ENDMSG 2221 @!@!@
@!@!@STARTMSG 2221:0 @!@!@
  line 81, col 27 to line 81, col 40 of module Lab2_Example_1_Find_2nd_Max: 23
@!@!@ENDMSG 2221 @!@!@
@!@!@STARTMSG 2221:0 @!@!@
  |line 81, col 27 to line 81, col 31 of module Lab2_Example_1_Find_2nd_Max: 23
@!@!@ENDMSG 2221 @!@!@
@!@!@STARTMSG 2221:0 @!@!@
  |line 81, col 36 to line 81, col 40 of module Lab2_Example_1_Find_2nd_Max: 16
@!@!@ENDMSG 2221 @!@!@
@!@!@STARTMSG 2221:0 @!@!@
  line 82, col 38 to line 82, col 42 of module Lab2_Example_1_Find_2nd_Max: 16
@!@!@ENDMSG 2221 @!@!@
@!@!@STARTMSG 2221:0 @!@!@
  line 83, col 46 to line 83, col 56 of module Lab2_Example_1_Find_2nd_Max: 0
@!@!@ENDMSG 2221 @!@!@
@!@!@STARTMSG 2221:0 @!@!@
  |line 83, col 56 to line 83, col 56 of module Lab2_Example_1_Find_2nd_Max: 6
@!@!@ENDMSG 2221 @!@!@
@!@!@STARTMSG 2221:0 @!@!@
  line 84, col 43 to line 84, col 56 of module Lab2_Example_1_Find_2nd_Max: 10
@!@!@ENDMSG 2221 @!@!@
@!@!@STARTMSG 2221:0 @!@!@
  line 85, col 38 to line 85, col 42 of module Lab2_Example_1_Find_2nd_Max: 7
@!@!@ENDMSG 2221 @!@!@
@!@!@STARTMSG 2221:0 @!@!@
  line 86, col 43 to line 86, col 56 of module Lab2_Example_1_Find_2nd_Max: 4
@!@!@ENDMSG 2221 @!@!@
@!@!@STARTMSG 2221:0 @!@!@
  line 87, col 43 to line 87, col 56 of module Lab2_Example_1_Find_2nd_Max: 3
@!@!@ENDMSG 2221 @!@!@
@!@!@STARTMSG 2221:0 @!@!@
  line 88, col 13 to line 106, col 65 of module Lab2_Example_1_Find_2nd_Max: 43
@!@!@ENDMSG 2221 @!@!@
@!@!@STARTMSG 2221:0 @!@!@
  |line 88, col 20 to line 105, col 39 of module Lab2_Example_1_Find_2nd_Max: 49
@!@!@ENDMSG 2221 @!@!@
@!@!@STARTMSG 2221:0 @!@!@
  ||line 88, col 24 to line 90, col 38 of module Lab2_Example_1_Find_2nd_Max: 49
@!@!@ENDMSG 2221 @!@!@
@!@!@STARTMSG 2221:0 @!@!@
  |||line 88, col 27 to line 88, col 38 of module Lab2_Example_1_Find_2nd_Max: 49
@!@!@ENDMSG 2221 @!@!@
@!@!@STARTMSG 2221:0 @!@!@
  |||line 89, col 27 to line 89, col 37 of module Lab2_Example_1_Find_2nd_Max: 40
@!@!@ENDMSG 2221 @!@!@
@!@!@STARTMSG 2221:0 @!@!@
  |||line 90, col 27 to line 90, col 38 of module Lab2_Example_1_Find_2nd_Max: 13
@!@!@ENDMSG 2221 @!@!@
@!@!@STARTMSG 2221:0 @!@!@
  ||line 91, col 24 to line 93, col 38 of module Lab2_Example_1_Find_2nd_Max: 36
@!@!@ENDMSG 2221 @!@!@
@!@!@STARTMSG 2221:0 @!@!@
  |||line 91, col 27 to line 91, col 38 of module Lab2_Example_1_Find_2nd_Max: 36
@!@!@ENDMSG 2221 @!@!@
@!@!@STARTMSG 2221:0 @!@!@
  |||line 92, col 27 to line 92, col 37 of module Lab2_Example_1_Find_2nd_Max: 27
@!@!@ENDMSG 2221 @!@!@
@!@!@STARTMSG 2221:0 @!@!@
  |||line 93, col 27 to line 93, col 38 of module Lab2_Example_1_Find_2nd_Max: 13
@!@!@ENDMSG 2221 @!@!@
@!@!@STARTMSG 2221:0 @!@!@
  ||line 94, col 24 to line 96, col 38 of module Lab2_Example_1_Find_2nd_Max: 23
@!@!@ENDMSG 2221 @!@!@
@!@!@STARTMSG 2221:0 @!@!@
  |||line 94, col 27 to line 94, col 38 of module Lab2_Example_1_Find_2nd_Max: 23
@!@!@ENDMSG 2221 @!@!@
@!@!@STARTMSG 2221:0 @!@!@
  |||line 95, col 27 to line 95, col 37 of module Lab2_Example_1_Find_2nd_Max: 19
@!@!@ENDMSG 2221 @!@!@
@!@!@STARTMSG 2221:0 @!@!@
  |||line 96, col 27 to line 96, col 38 of module Lab2_Example_1_Find_2nd_Max: 10
@!@!@ENDMSG 2221 @!@!@
@!@!@STARTMSG 2221:0 @!@!@
  ||line 97, col 24 to line 99, col 38 of module Lab2_Example_1_Find_2nd_Max: 13
@!@!@ENDMSG 2221 @!@!@
@!@!@STARTMSG 2221:0 @!@!@
  |||line 97, col 27 to line 97, col 38 of module Lab2_Example_1_Find_2nd_Max: 13
@!@!@ENDMSG 2221 @!@!@
@!@!@STARTMSG 2221:0 @!@!@
  |||line 98, col 27 to line 98, col 37 of module Lab2_Example_1_Find_2nd_Max: 9
@!@!@ENDMSG 2221 @!@!@
@!@!@STARTMSG 2221:0 @!@!@
  ||line 100, col 24 to line 102, col 38 of module Lab2_Example_1_Find_2nd_Max: 13
@!@!@ENDMSG 2221 @!@!@
@!@!@STARTMSG 2221:0 @!@!@
  |||line 100, col 27 to line 100, col 38 of module Lab2_Example_1_Find_2nd_Max: 13
@!@!@ENDMSG 2221 @!@!@
@!@!@STARTMSG 2221:0 @!@!@
  |||line 101, col 27 to line 101, col 37 of module Lab2_Example_1_Find_2nd_Max: 7
@!@!@ENDMSG 2221 @!@!@
@!@!@STARTMSG 2221:0 @!@!@
  |||line 102, col 27 to line 102, col 38 of module Lab2_Example_1_Find_2nd_Max: 4
@!@!@ENDMSG 2221 @!@!@
@!@!@STARTMSG 2221:0 @!@!@
  ||line 103, col 24 to line 105, col 38 of module Lab2_Example_1_Find_2nd_Max: 9
@!@!@ENDMSG 2221 @!@!@
@!@!@STARTMSG 2221:0 @!@!@
  |||line 103, col 27 to line 103, col 38 of module Lab2_Example_1_Find_2nd_Max: 9
@!@!@ENDMSG 2221 @!@!@
@!@!@STARTMSG 2221:0 @!@!@
  |||line 104, col 27 to line 104, col 37 of module Lab2_Example_1_Find_2nd_Max: 3
@!@!@ENDMSG 2221 @!@!@
@!@!@STARTMSG 2221:0 @!@!@
  |||line 105, col 27 to line 105, col 38 of module Lab2_Example_1_Find_2nd_Max: 3
@!@!@ENDMSG 2221 @!@!@
@!@!@STARTMSG 2221:0 @!@!@
  line 107, col 13 to line 107, col 24 of module Lab2_Example_1_Find_2nd_Max: 43
@!@!@ENDMSG 2221 @!@!@
@!@!@STARTMSG 2221:0 @!@!@
  line 108, col 13 to line 108, col 35 of module Lab2_Example_1_Find_2nd_Max: 43
@!@!@ENDMSG 2221 @!@!@
@!@!@STARTMSG 2772:0 @!@!@
<Terminating line 111, col 1 to line 111, col 11 of module Lab2_Example_1_Find_2nd_Max>: 0:43
@!@!@ENDMSG 2772 @!@!@
@!@!@STARTMSG 2221:0 @!@!@
  line 111, col 16 to line 111, col 26 of module Lab2_Example_1_Find_2nd_Max: 129
@!@!@ENDMSG 2221 @!@!@
@!@!@STARTMSG 2221:0 @!@!@
  |line 111, col 16 to line 111, col 17 of module Lab2_Example_1_Find_2nd_Max: 86
@!@!@ENDMSG 2221 @!@!@
@!@!@STARTMSG 2221:0 @!@!@
  line 111, col 31 to line 111, col 44 of module Lab2_Example_1_Find_2nd_Max: 43
@!@!@ENDMSG 2221 @!@!@
@!@!@STARTMSG 2202:0 @!@!@
End of statistics.
@!@!@ENDMSG 2202 @!@!@
@!@!@STARTMSG 2200:0 @!@!@
Progress(2) at 2023-03-03 22:13:26: 134 states generated (7,686 s/min), 91 distinct states found (5,219 ds/min), 0 states left on queue.
@!@!@ENDMSG 2200 @!@!@
@!@!@STARTMSG 2199:0 @!@!@
134 states generated, 91 distinct states found, 0 states left on queue.
@!@!@ENDMSG 2199 @!@!@
@!@!@STARTMSG 2186:0 @!@!@
Finished in 1052ms at (2023-03-03 22:13:26)
@!@!@ENDMSG 2186 @!@!@
