@!@!@STARTMSG 2262:0 @!@!@
TLC2 Version 2.16 of 31 December 2020 (rev: cdddf55)
@!@!@ENDMSG 2262 @!@!@
@!@!@STARTMSG 2187:0 @!@!@
Running breadth-first search Model-Checking with fp 15 and seed -6858932063945222815 with 6 workers on 12 cores with 1157MB heap and 2603MB offheap memory [pid: 284746] (Linux 4.18.0-425.3.1.el8.x86_64 amd64, AdoptOpenJDK 14.0.1 x86_64, OffHeapDiskFPSet, DiskStateQueue).
@!@!@ENDMSG 2187 @!@!@
@!@!@STARTMSG 2220:0 @!@!@
Starting SANY...
@!@!@ENDMSG 2220 @!@!@
Parsing file /eecs/home/chiddy00/Desktop/EECS4315/getAllSuffixes.toolbox/Model_5/MC.tla
Parsing file /eecs/home/chiddy00/Desktop/EECS4315/getAllSuffixes.toolbox/Model_5/getAllSuffixes.tla
Labels added.
Parsing file /eecs/local/pkg/tlatoolbox-1.7.1/plugins/org.lamport.tlatools_1.0.0.202012311918/tla2sany/StandardModules/TLC.tla
Parsing file /eecs/local/pkg/tlatoolbox-1.7.1/plugins/org.lamport.tlatools_1.0.0.202012311918/tla2sany/StandardModules/Integers.tla
Parsing file /eecs/local/pkg/tlatoolbox-1.7.1/plugins/org.lamport.tlatools_1.0.0.202012311918/tla2sany/StandardModules/Sequences.tla
Parsing file /eecs/local/pkg/tlatoolbox-1.7.1/plugins/org.lamport.tlatools_1.0.0.202012311918/tla2sany/StandardModules/Naturals.tla
Parsing file /eecs/local/pkg/tlatoolbox-1.7.1/plugins/org.lamport.tlatools_1.0.0.202012311918/tla2sany/StandardModules/FiniteSets.tla
Semantic processing of module Naturals
Semantic processing of module Integers
Semantic processing of module Sequences
Semantic processing of module FiniteSets
Semantic processing of module TLC
Semantic processing of module getAllSuffixes
Semantic processing of module MC
@!@!@STARTMSG 2219:0 @!@!@
SANY finished.
@!@!@ENDMSG 2219 @!@!@
@!@!@STARTMSG 2185:0 @!@!@
Starting... (2023-03-05 20:12:25)
@!@!@ENDMSG 2185 @!@!@
@!@!@STARTMSG 2189:0 @!@!@
Computing initial states...
@!@!@ENDMSG 2189 @!@!@
@!@!@STARTMSG 2190:0 @!@!@
Finished computing initial states: 1 distinct state generated at 2023-03-05 20:12:26.
@!@!@ENDMSG 2190 @!@!@
@!@!@STARTMSG 1000:1 @!@!@
TLC threw an unexpected exception.
This was probably caused by an error in the spec or model.
See the User Output or TLC Console for clues to what happened.
The exception was a java.lang.RuntimeException
: Attempted to apply tuple to a non-integer argument.
@!@!@ENDMSG 1000 @!@!@
@!@!@STARTMSG 2121:1 @!@!@
The behavior up to this point is:
@!@!@ENDMSG 2121 @!@!@
@!@!@STARTMSG 2217:4 @!@!@
1: <Initial predicate>
/\ result = <<1, 2, 3>>
/\ dummy = <<>>
/\ i = 1
/\ j = 1
/\ pc = "Lbl_1"

@!@!@ENDMSG 2217 @!@!@
@!@!@STARTMSG 2217:4 @!@!@
2: <Lbl_1 line 48, col 10 to line 52, col 47 of module getAllSuffixes>
/\ result = <<1, 2, 3>>
/\ dummy = <<>>
/\ i = 1
/\ j = 1
/\ pc = "Lbl_2"

@!@!@ENDMSG 2217 @!@!@
@!@!@STARTMSG 2217:4 @!@!@
3: <Lbl_2 line 54, col 10 to line 65, col 37 of module getAllSuffixes>
/\ result = <<1, 2, 3>>
/\ dummy = <<>>
/\ i = 1
/\ j = 1
/\ pc = "Lbl_3"

@!@!@ENDMSG 2217 @!@!@
@!@!@STARTMSG 2217:4 @!@!@
4: <Lbl_3 line 67, col 10 to line 76, col 47 of module getAllSuffixes>
/\ result = <<1, 2, 3>>
/\ dummy = <<1>>
/\ i = 1
/\ j = 2
/\ pc = "Lbl_3"

@!@!@ENDMSG 2217 @!@!@
@!@!@STARTMSG 2217:4 @!@!@
5: <Lbl_3 line 67, col 10 to line 76, col 47 of module getAllSuffixes>
/\ result = <<1, 2, 3>>
/\ dummy = <<1, 2>>
/\ i = 1
/\ j = 3
/\ pc = "Lbl_3"

@!@!@ENDMSG 2217 @!@!@
@!@!@STARTMSG 2217:4 @!@!@
6: <Lbl_3 line 67, col 10 to line 76, col 47 of module getAllSuffixes>
/\ result = <<1, 2, 3>>
/\ dummy = <<1, 2, 3>>
/\ i = 1
/\ j = 4
/\ pc = "Lbl_3"

@!@!@ENDMSG 2217 @!@!@
@!@!@STARTMSG 2217:4 @!@!@
7: <Lbl_3 line 67, col 10 to line 76, col 47 of module getAllSuffixes>
/\ result = <<<<1, 2, 3>>, 2, 3>>
/\ dummy = <<1, 2, 3>>
/\ i = 2
/\ j = 4
/\ pc = "Lbl_2"

@!@!@ENDMSG 2217 @!@!@
@!@!@STARTMSG 2217:4 @!@!@
8: <Lbl_2 line 54, col 10 to line 65, col 37 of module getAllSuffixes>
/\ result = <<<<1, 2, 3>>, 2, 3>>
/\ dummy = <<>>
/\ i = 2
/\ j = 2
/\ pc = "Lbl_3"

@!@!@ENDMSG 2217 @!@!@
@!@!@STARTMSG 2217:4 @!@!@
9: <Lbl_3 line 67, col 10 to line 76, col 47 of module getAllSuffixes>
/\ result = <<<<1, 2, 3>>, 2, 3>>
/\ dummy = <<2>>
/\ i = 2
/\ j = 3
/\ pc = "Lbl_3"

@!@!@ENDMSG 2217 @!@!@
@!@!@STARTMSG 2217:4 @!@!@
10: <Lbl_3 line 67, col 10 to line 76, col 47 of module getAllSuffixes>
/\ result = <<<<1, 2, 3>>, 2, 3>>
/\ dummy = <<2, 3>>
/\ i = 2
/\ j = 4
/\ pc = "Lbl_3"

@!@!@ENDMSG 2217 @!@!@
@!@!@STARTMSG 2217:4 @!@!@
11: <Lbl_3 line 67, col 10 to line 76, col 47 of module getAllSuffixes>
/\ result = <<<<1, 2, 3>>, <<2, 3>>, 3>>
/\ dummy = <<2, 3>>
/\ i = 3
/\ j = 4
/\ pc = "Lbl_2"

@!@!@ENDMSG 2217 @!@!@
@!@!@STARTMSG 2217:4 @!@!@
12: <Lbl_2 line 54, col 10 to line 65, col 37 of module getAllSuffixes>
/\ result = <<<<1, 2, 3>>, <<2, 3>>, 3>>
/\ dummy = <<>>
/\ i = 3
/\ j = 3
/\ pc = "Lbl_3"

@!@!@ENDMSG 2217 @!@!@
@!@!@STARTMSG 2217:4 @!@!@
13: <Lbl_3 line 67, col 10 to line 76, col 47 of module getAllSuffixes>
/\ result = <<<<1, 2, 3>>, <<2, 3>>, 3>>
/\ dummy = <<3>>
/\ i = 3
/\ j = 4
/\ pc = "Lbl_3"

@!@!@ENDMSG 2217 @!@!@
@!@!@STARTMSG 2217:4 @!@!@
14: <Lbl_3 line 67, col 10 to line 76, col 47 of module getAllSuffixes>
/\ result = <<<<1, 2, 3>>, <<2, 3>>, <<3>>>>
/\ dummy = <<3>>
/\ i = 4
/\ j = 4
/\ pc = "Lbl_2"

@!@!@ENDMSG 2217 @!@!@
@!@!@STARTMSG 2147:1 @!@!@
TLC was unable to fingerprint.

Fingerprint Stack Trace:
0) line 6, col 1 to line 6, col 11 of module MC

Reason:
Attempted to apply tuple to a non-integer argument.
@!@!@ENDMSG 2147 @!@!@
@!@!@STARTMSG 2201:0 @!@!@
The coverage statistics at 2023-03-05 20:12:26
@!@!@ENDMSG 2201 @!@!@
@!@!@STARTMSG 2773:0 @!@!@
<Init line 41, col 1 to line 41, col 4 of module getAllSuffixes>: 2:2
@!@!@ENDMSG 2773 @!@!@
@!@!@STARTMSG 2221:0 @!@!@
  line 42, col 9 to line 46, col 23 of module getAllSuffixes: 2
@!@!@ENDMSG 2221 @!@!@
@!@!@STARTMSG 2772:0 @!@!@
<Lbl_1 line 48, col 1 to line 48, col 5 of module getAllSuffixes>: 1:2
@!@!@ENDMSG 2772 @!@!@
@!@!@STARTMSG 2221:0 @!@!@
  line 48, col 13 to line 48, col 24 of module getAllSuffixes: 30
@!@!@ENDMSG 2221 @!@!@
@!@!@STARTMSG 2221:0 @!@!@
  |line 48, col 13 to line 48, col 14 of module getAllSuffixes: 28
@!@!@ENDMSG 2221 @!@!@
@!@!@STARTMSG 2221:0 @!@!@
  line 49, col 13 to line 50, col 65 of module getAllSuffixes: 2
@!@!@ENDMSG 2221 @!@!@
@!@!@STARTMSG 2221:0 @!@!@
  line 51, col 13 to line 51, col 25 of module getAllSuffixes: 2
@!@!@ENDMSG 2221 @!@!@
@!@!@STARTMSG 2221:0 @!@!@
  line 52, col 13 to line 52, col 47 of module getAllSuffixes: 2
@!@!@ENDMSG 2221 @!@!@
@!@!@STARTMSG 2772:0 @!@!@
<Lbl_2 line 54, col 1 to line 54, col 5 of module getAllSuffixes>: 3:6
@!@!@ENDMSG 2772 @!@!@
@!@!@STARTMSG 2221:0 @!@!@
  line 54, col 13 to line 54, col 24 of module getAllSuffixes: 33
@!@!@ENDMSG 2221 @!@!@
@!@!@STARTMSG 2221:0 @!@!@
  |line 54, col 13 to line 54, col 14 of module getAllSuffixes: 27
@!@!@ENDMSG 2221 @!@!@
@!@!@STARTMSG 2221:0 @!@!@
  line 55, col 16 to line 55, col 30 of module getAllSuffixes: 8
@!@!@ENDMSG 2221 @!@!@
@!@!@STARTMSG 2221:0 @!@!@
  line 56, col 21 to line 58, col 36 of module getAllSuffixes: 6
@!@!@ENDMSG 2221 @!@!@
@!@!@STARTMSG 2221:0 @!@!@
  line 59, col 24 to line 62, col 76 of module getAllSuffixes: 2
@!@!@ENDMSG 2221 @!@!@
@!@!@STARTMSG 2221:0 @!@!@
  line 63, col 24 to line 63, col 35 of module getAllSuffixes: 0
@!@!@ENDMSG 2221 @!@!@
@!@!@STARTMSG 2221:0 @!@!@
  line 64, col 24 to line 64, col 47 of module getAllSuffixes: 0
@!@!@ENDMSG 2221 @!@!@
@!@!@STARTMSG 2221:0 @!@!@
  line 65, col 13 to line 65, col 37 of module getAllSuffixes: 6
@!@!@ENDMSG 2221 @!@!@
@!@!@STARTMSG 2772:0 @!@!@
<Lbl_3 line 67, col 1 to line 67, col 5 of module getAllSuffixes>: 9:18
@!@!@ENDMSG 2772 @!@!@
@!@!@STARTMSG 2221:0 @!@!@
  line 67, col 13 to line 67, col 24 of module getAllSuffixes: 40
@!@!@ENDMSG 2221 @!@!@
@!@!@STARTMSG 2221:0 @!@!@
  |line 67, col 13 to line 67, col 14 of module getAllSuffixes: 22
@!@!@ENDMSG 2221 @!@!@
@!@!@STARTMSG 2221:0 @!@!@
  line 68, col 16 to line 68, col 30 of module getAllSuffixes: 18
@!@!@ENDMSG 2221 @!@!@
@!@!@STARTMSG 2221:0 @!@!@
  line 69, col 24 to line 69, col 53 of module getAllSuffixes: 12
@!@!@ENDMSG 2221 @!@!@
@!@!@STARTMSG 2221:0 @!@!@
  line 70, col 24 to line 70, col 33 of module getAllSuffixes: 12
@!@!@ENDMSG 2221 @!@!@
@!@!@STARTMSG 2221:0 @!@!@
  line 71, col 24 to line 71, col 36 of module getAllSuffixes: 12
@!@!@ENDMSG 2221 @!@!@
@!@!@STARTMSG 2221:0 @!@!@
  line 72, col 24 to line 72, col 48 of module getAllSuffixes: 12
@!@!@ENDMSG 2221 @!@!@
@!@!@STARTMSG 2221:0 @!@!@
  line 73, col 24 to line 73, col 61 of module getAllSuffixes: 6
@!@!@ENDMSG 2221 @!@!@
@!@!@STARTMSG 2221:0 @!@!@
  line 74, col 24 to line 74, col 33 of module getAllSuffixes: 6
@!@!@ENDMSG 2221 @!@!@
@!@!@STARTMSG 2221:0 @!@!@
  line 75, col 24 to line 75, col 36 of module getAllSuffixes: 6
@!@!@ENDMSG 2221 @!@!@
@!@!@STARTMSG 2221:0 @!@!@
  line 76, col 24 to line 76, col 47 of module getAllSuffixes: 6
@!@!@ENDMSG 2221 @!@!@
@!@!@STARTMSG 2772:0 @!@!@
<Terminating line 79, col 1 to line 79, col 11 of module getAllSuffixes>: 0:0
@!@!@ENDMSG 2772 @!@!@
@!@!@STARTMSG 2221:0 @!@!@
  line 79, col 16 to line 79, col 26 of module getAllSuffixes: 13
@!@!@ENDMSG 2221 @!@!@
@!@!@STARTMSG 2221:0 @!@!@
  line 79, col 31 to line 79, col 44 of module getAllSuffixes: 0
@!@!@ENDMSG 2221 @!@!@
@!@!@STARTMSG 2202:0 @!@!@
End of statistics.
@!@!@ENDMSG 2202 @!@!@
@!@!@STARTMSG 2200:0 @!@!@
Progress(14) at 2023-03-05 20:12:26: 14 states generated (593 s/min), 14 distinct states found (593 ds/min), 0 states left on queue.
@!@!@ENDMSG 2200 @!@!@
@!@!@STARTMSG 2199:0 @!@!@
14 states generated, 14 distinct states found, 0 states left on queue.
@!@!@ENDMSG 2199 @!@!@
@!@!@STARTMSG 2186:0 @!@!@
Finished in 1435ms at (2023-03-05 20:12:26)
@!@!@ENDMSG 2186 @!@!@
