@!@!@STARTMSG 2262:0 @!@!@
TLC2 Version 2.16 of 31 December 2020 (rev: cdddf55)
@!@!@ENDMSG 2262 @!@!@
@!@!@STARTMSG 2187:0 @!@!@
Running breadth-first search Model-Checking with fp 16 and seed 91530119690420647 with 6 workers on 12 cores with 1157MB heap and 2603MB offheap memory [pid: 445540] (Linux 4.18.0-425.3.1.el8.x86_64 amd64, AdoptOpenJDK 14.0.1 x86_64, OffHeapDiskFPSet, DiskStateQueue).
@!@!@ENDMSG 2187 @!@!@
@!@!@STARTMSG 2220:0 @!@!@
Starting SANY...
@!@!@ENDMSG 2220 @!@!@
Parsing file /eecs/home/chiddy00/Desktop/EECS4315/Task1.toolbox/Model_1/MC.tla
Parsing file /eecs/home/chiddy00/Desktop/EECS4315/Task1.toolbox/Model_1/Task1.tla
Labels added.
Parsing file /eecs/local/pkg/tlatoolbox-1.7.1/plugins/org.lamport.tlatools_1.0.0.202012311918/tla2sany/StandardModules/TLC.tla
Parsing file /eecs/local/pkg/tlatoolbox-1.7.1/plugins/org.lamport.tlatools_1.0.0.202012311918/tla2sany/StandardModules/Integers.tla
Parsing file /eecs/local/pkg/tlatoolbox-1.7.1/plugins/org.lamport.tlatools_1.0.0.202012311918/tla2sany/StandardModules/Sequences.tla
Parsing file /eecs/local/pkg/tlatoolbox-1.7.1/plugins/org.lamport.tlatools_1.0.0.202012311918/tla2sany/StandardModules/Naturals.tla
Parsing file /eecs/local/pkg/tlatoolbox-1.7.1/plugins/org.lamport.tlatools_1.0.0.202012311918/tla2sany/StandardModules/FiniteSets.tla
Semantic processing of module Naturals
Semantic processing of module Integers
Semantic processing of module Sequences
Semantic processing of module FiniteSets
Semantic processing of module TLC
Semantic processing of module Task1
Semantic processing of module MC
@!@!@STARTMSG 2219:0 @!@!@
SANY finished.
@!@!@ENDMSG 2219 @!@!@
@!@!@STARTMSG 2185:0 @!@!@
Starting... (2023-03-06 17:20:20)
@!@!@ENDMSG 2185 @!@!@
@!@!@STARTMSG 2189:0 @!@!@
Computing initial states...
@!@!@ENDMSG 2189 @!@!@
@!@!@STARTMSG 2190:0 @!@!@
Finished computing initial states: 1 distinct state generated at 2023-03-06 17:20:21.
@!@!@ENDMSG 2190 @!@!@
@!@!@STARTMSG 2132:1 @!@!@
The first argument of Assert evaluated to FALSE; the second argument was:
"Failure of assertion at line 37, column 13."
@!@!@ENDMSG 2132 @!@!@
@!@!@STARTMSG 2121:1 @!@!@
The behavior up to this point is:
@!@!@ENDMSG 2121 @!@!@
@!@!@STARTMSG 2217:4 @!@!@
1: <Initial predicate>
/\ i = 1
/\ j = 1
/\ pc = "Lbl_1"
/\ output = <<>>
/\ inSecondInput = FALSE

@!@!@ENDMSG 2217 @!@!@
@!@!@STARTMSG 2217:4 @!@!@
2: <Lbl_1 line 55, col 10 to line 64, col 37 of module Task1>
/\ i = 1
/\ j = 1
/\ pc = "Lbl_2"
/\ output = <<>>
/\ inSecondInput = FALSE

@!@!@ENDMSG 2217 @!@!@
@!@!@STARTMSG 2217:4 @!@!@
3: <Lbl_2 line 66, col 10 to line 81, col 55 of module Task1>
/\ i = 1
/\ j = 1
/\ pc = "Lbl_3"
/\ output = <<>>
/\ inSecondInput = FALSE

@!@!@ENDMSG 2217 @!@!@
@!@!@STARTMSG 2217:4 @!@!@
4: <Lbl_3 line 83, col 10 to line 86, col 52 of module Task1>
/\ i = 1
/\ j = 2
/\ pc = "Lbl_2"
/\ output = <<>>
/\ inSecondInput = FALSE

@!@!@ENDMSG 2217 @!@!@
@!@!@STARTMSG 2217:4 @!@!@
5: <Lbl_2 line 66, col 10 to line 81, col 55 of module Task1>
/\ i = 1
/\ j = 2
/\ pc = "Lbl_3"
/\ output = <<>>
/\ inSecondInput = FALSE

@!@!@ENDMSG 2217 @!@!@
@!@!@STARTMSG 2217:4 @!@!@
6: <Lbl_3 line 83, col 10 to line 86, col 52 of module Task1>
/\ i = 1
/\ j = 3
/\ pc = "Lbl_2"
/\ output = <<>>
/\ inSecondInput = FALSE

@!@!@ENDMSG 2217 @!@!@
@!@!@STARTMSG 2217:4 @!@!@
7: <Lbl_2 line 66, col 10 to line 81, col 55 of module Task1>
/\ i = 1
/\ j = 3
/\ pc = "Lbl_3"
/\ output = <<>>
/\ inSecondInput = FALSE

@!@!@ENDMSG 2217 @!@!@
@!@!@STARTMSG 2217:4 @!@!@
8: <Lbl_3 line 83, col 10 to line 86, col 52 of module Task1>
/\ i = 1
/\ j = 4
/\ pc = "Lbl_2"
/\ output = <<>>
/\ inSecondInput = FALSE

@!@!@ENDMSG 2217 @!@!@
@!@!@STARTMSG 2217:4 @!@!@
9: <Lbl_2 line 66, col 10 to line 81, col 55 of module Task1>
/\ i = 2
/\ j = 4
/\ pc = "Lbl_1"
/\ output = <<1>>
/\ inSecondInput = FALSE

@!@!@ENDMSG 2217 @!@!@
@!@!@STARTMSG 2217:4 @!@!@
10: <Lbl_1 line 55, col 10 to line 64, col 37 of module Task1>
/\ i = 2
/\ j = 2
/\ pc = "Lbl_2"
/\ output = <<1>>
/\ inSecondInput = FALSE

@!@!@ENDMSG 2217 @!@!@
@!@!@STARTMSG 2217:4 @!@!@
11: <Lbl_2 line 66, col 10 to line 81, col 55 of module Task1>
/\ i = 2
/\ j = 2
/\ pc = "Lbl_3"
/\ output = <<1>>
/\ inSecondInput = FALSE

@!@!@ENDMSG 2217 @!@!@
@!@!@STARTMSG 2217:4 @!@!@
12: <Lbl_3 line 83, col 10 to line 86, col 52 of module Task1>
/\ i = 2
/\ j = 3
/\ pc = "Lbl_2"
/\ output = <<1>>
/\ inSecondInput = FALSE

@!@!@ENDMSG 2217 @!@!@
@!@!@STARTMSG 2217:4 @!@!@
13: <Lbl_2 line 66, col 10 to line 81, col 55 of module Task1>
/\ i = 2
/\ j = 3
/\ pc = "Lbl_3"
/\ output = <<1>>
/\ inSecondInput = FALSE

@!@!@ENDMSG 2217 @!@!@
@!@!@STARTMSG 2217:4 @!@!@
14: <Lbl_3 line 83, col 10 to line 86, col 52 of module Task1>
/\ i = 2
/\ j = 4
/\ pc = "Lbl_2"
/\ output = <<1>>
/\ inSecondInput = FALSE

@!@!@ENDMSG 2217 @!@!@
@!@!@STARTMSG 2217:4 @!@!@
15: <Lbl_2 line 66, col 10 to line 81, col 55 of module Task1>
/\ i = 3
/\ j = 4
/\ pc = "Lbl_1"
/\ output = <<1, 2>>
/\ inSecondInput = FALSE

@!@!@ENDMSG 2217 @!@!@
@!@!@STARTMSG 2217:4 @!@!@
16: <Lbl_1 line 55, col 10 to line 64, col 37 of module Task1>
/\ i = 3
/\ j = 3
/\ pc = "Lbl_2"
/\ output = <<1, 2>>
/\ inSecondInput = FALSE

@!@!@ENDMSG 2217 @!@!@
@!@!@STARTMSG 2217:4 @!@!@
17: <Lbl_2 line 66, col 10 to line 81, col 55 of module Task1>
/\ i = 3
/\ j = 3
/\ pc = "Lbl_3"
/\ output = <<1, 2>>
/\ inSecondInput = FALSE

@!@!@ENDMSG 2217 @!@!@
@!@!@STARTMSG 2217:4 @!@!@
18: <Lbl_3 line 83, col 10 to line 86, col 52 of module Task1>
/\ i = 3
/\ j = 4
/\ pc = "Lbl_2"
/\ output = <<1, 2>>
/\ inSecondInput = FALSE

@!@!@ENDMSG 2217 @!@!@
@!@!@STARTMSG 2217:4 @!@!@
19: <Lbl_2 line 66, col 10 to line 81, col 55 of module Task1>
/\ i = 4
/\ j = 4
/\ pc = "Lbl_1"
/\ output = <<1, 2, 3>>
/\ inSecondInput = FALSE

@!@!@ENDMSG 2217 @!@!@
@!@!@STARTMSG 2217:4 @!@!@
20: <Lbl_1 line 55, col 10 to line 64, col 37 of module Task1>
/\ i = 4
/\ j = 4
/\ pc = "Lbl_2"
/\ output = <<1, 2, 3>>
/\ inSecondInput = FALSE

@!@!@ENDMSG 2217 @!@!@
@!@!@STARTMSG 2217:4 @!@!@
21: <Lbl_2 line 66, col 10 to line 81, col 55 of module Task1>
/\ i = 5
/\ j = 4
/\ pc = "Lbl_1"
/\ output = <<1, 2, 3, 4>>
/\ inSecondInput = FALSE

@!@!@ENDMSG 2217 @!@!@
@!@!@STARTMSG 2217:4 @!@!@
22: <Lbl_1 line 55, col 10 to line 64, col 37 of module Task1>
/\ i = 5
/\ j = 5
/\ pc = "Lbl_2"
/\ output = <<1, 2, 3, 4>>
/\ inSecondInput = FALSE

@!@!@ENDMSG 2217 @!@!@
@!@!@STARTMSG 2217:4 @!@!@
23: <Lbl_2 line 66, col 10 to line 81, col 55 of module Task1>
/\ i = 6
/\ j = 5
/\ pc = "Lbl_1"
/\ output = <<1, 2, 3, 4, 5>>
/\ inSecondInput = FALSE

@!@!@ENDMSG 2217 @!@!@
@!@!@STARTMSG 2217:4 @!@!@
24: <Lbl_1 line 55, col 10 to line 64, col 37 of module Task1>
/\ i = 6
/\ j = 6
/\ pc = "Lbl_2"
/\ output = <<1, 2, 3, 4, 5>>
/\ inSecondInput = FALSE

@!@!@ENDMSG 2217 @!@!@
@!@!@STARTMSG 2217:4 @!@!@
25: <Lbl_2 line 66, col 10 to line 81, col 55 of module Task1>
/\ i = 7
/\ j = 6
/\ pc = "Lbl_1"
/\ output = <<1, 2, 3, 4, 5, 6>>
/\ inSecondInput = FALSE

@!@!@ENDMSG 2217 @!@!@
@!@!@STARTMSG 2103:1 @!@!@
The error occurred when TLC was evaluating the nested
expressions at the following positions:
0. Line 55, column 10 to line 64, column 37 in Task1
1. Line 55, column 13 to line 55, column 24 in Task1
2. Line 56, column 13 to line 63, column 55 in Task1
3. Line 60, column 21 to line 63, column 55 in Task1
4. Line 60, column 24 to line 61, column 76 in Task1


@!@!@ENDMSG 2103 @!@!@
@!@!@STARTMSG 2201:0 @!@!@
The coverage statistics at 2023-03-06 17:20:21
@!@!@ENDMSG 2201 @!@!@
@!@!@STARTMSG 2773:0 @!@!@
<Init line 48, col 1 to line 48, col 4 of module Task1>: 2:2
@!@!@ENDMSG 2773 @!@!@
@!@!@STARTMSG 2221:0 @!@!@
  line 49, col 9 to line 53, col 23 of module Task1: 2
@!@!@ENDMSG 2221 @!@!@
@!@!@STARTMSG 2772:0 @!@!@
<Lbl_1 line 55, col 1 to line 55, col 5 of module Task1>: 6:12
@!@!@ENDMSG 2772 @!@!@
@!@!@STARTMSG 2221:0 @!@!@
  line 55, col 13 to line 55, col 24 of module Task1: 62
@!@!@ENDMSG 2221 @!@!@
@!@!@STARTMSG 2221:0 @!@!@
  |line 55, col 13 to line 55, col 14 of module Task1: 50
@!@!@ENDMSG 2221 @!@!@
@!@!@STARTMSG 2221:0 @!@!@
  line 56, col 16 to line 56, col 31 of module Task1: 14
@!@!@ENDMSG 2221 @!@!@
@!@!@STARTMSG 2221:0 @!@!@
  line 57, col 21 to line 59, col 36 of module Task1: 12
@!@!@ENDMSG 2221 @!@!@
@!@!@STARTMSG 2221:0 @!@!@
  line 60, col 31 to line 60, col 104 of module Task1: 2
@!@!@ENDMSG 2221 @!@!@
@!@!@STARTMSG 2221:0 @!@!@
  |line 60, col 56 to line 60, col 104 of module Task1: 2
@!@!@ENDMSG 2221 @!@!@
@!@!@STARTMSG 2221:0 @!@!@
  ||line 60, col 58 to line 60, col 103 of module Task1: 2
@!@!@ENDMSG 2221 @!@!@
@!@!@STARTMSG 2221:0 @!@!@
  |||line 60, col 83 to line 60, col 103 of module Task1: 4
@!@!@ENDMSG 2221 @!@!@
@!@!@STARTMSG 2221:0 @!@!@
  |||line 60, col 67 to line 60, col 80 of module Task1: 2
@!@!@ENDMSG 2221 @!@!@
@!@!@STARTMSG 2221:0 @!@!@
  |line 60, col 40 to line 60, col 53 of module Task1: 2
@!@!@ENDMSG 2221 @!@!@
@!@!@STARTMSG 2221:0 @!@!@
  line 62, col 24 to line 62, col 35 of module Task1: 0
@!@!@ENDMSG 2221 @!@!@
@!@!@STARTMSG 2221:0 @!@!@
  line 63, col 24 to line 63, col 55 of module Task1: 0
@!@!@ENDMSG 2221 @!@!@
@!@!@STARTMSG 2221:0 @!@!@
  line 64, col 13 to line 64, col 37 of module Task1: 12
@!@!@ENDMSG 2221 @!@!@
@!@!@STARTMSG 2772:0 @!@!@
<Lbl_2 line 66, col 1 to line 66, col 5 of module Task1>: 12:24
@!@!@ENDMSG 2772 @!@!@
@!@!@STARTMSG 2221:0 @!@!@
  line 66, col 13 to line 66, col 24 of module Task1: 66
@!@!@ENDMSG 2221 @!@!@
@!@!@STARTMSG 2221:0 @!@!@
  |line 66, col 13 to line 66, col 14 of module Task1: 42
@!@!@ENDMSG 2221 @!@!@
@!@!@STARTMSG 2221:0 @!@!@
  line 67, col 16 to line 67, col 31 of module Task1: 24
@!@!@ENDMSG 2221 @!@!@
@!@!@STARTMSG 2221:0 @!@!@
  line 68, col 27 to line 68, col 47 of module Task1: 12
@!@!@ENDMSG 2221 @!@!@
@!@!@STARTMSG 2221:0 @!@!@
  line 69, col 35 to line 69, col 55 of module Task1: 0
@!@!@ENDMSG 2221 @!@!@
@!@!@STARTMSG 2221:0 @!@!@
  line 70, col 35 to line 70, col 54 of module Task1: 0
@!@!@ENDMSG 2221 @!@!@
@!@!@STARTMSG 2221:0 @!@!@
  line 71, col 35 to line 71, col 38 of module Task1: 12
@!@!@ENDMSG 2221 @!@!@
@!@!@STARTMSG 2221:0 @!@!@
  line 72, col 35 to line 72, col 66 of module Task1: 12
@!@!@ENDMSG 2221 @!@!@
@!@!@STARTMSG 2221:0 @!@!@
  line 73, col 24 to line 73, col 36 of module Task1: 12
@!@!@ENDMSG 2221 @!@!@
@!@!@STARTMSG 2221:0 @!@!@
  line 74, col 24 to line 74, col 48 of module Task1: 12
@!@!@ENDMSG 2221 @!@!@
@!@!@STARTMSG 2221:0 @!@!@
  line 75, col 27 to line 75, col 47 of module Task1: 12
@!@!@ENDMSG 2221 @!@!@
@!@!@STARTMSG 2221:0 @!@!@
  line 76, col 32 to line 76, col 67 of module Task1: 12
@!@!@ENDMSG 2221 @!@!@
@!@!@STARTMSG 2221:0 @!@!@
  line 78, col 35 to line 78, col 50 of module Task1: 0
@!@!@ENDMSG 2221 @!@!@
@!@!@STARTMSG 2221:0 @!@!@
  line 79, col 24 to line 79, col 33 of module Task1: 12
@!@!@ENDMSG 2221 @!@!@
@!@!@STARTMSG 2221:0 @!@!@
  line 80, col 24 to line 80, col 36 of module Task1: 12
@!@!@ENDMSG 2221 @!@!@
@!@!@STARTMSG 2221:0 @!@!@
  line 81, col 24 to line 81, col 55 of module Task1: 12
@!@!@ENDMSG 2221 @!@!@
@!@!@STARTMSG 2772:0 @!@!@
<Lbl_3 line 83, col 1 to line 83, col 5 of module Task1>: 6:12
@!@!@ENDMSG 2772 @!@!@
@!@!@STARTMSG 2221:0 @!@!@
  line 83, col 13 to line 83, col 24 of module Task1: 42
@!@!@ENDMSG 2221 @!@!@
@!@!@STARTMSG 2221:0 @!@!@
  |line 83, col 13 to line 83, col 14 of module Task1: 30
@!@!@ENDMSG 2221 @!@!@
@!@!@STARTMSG 2221:0 @!@!@
  line 84, col 13 to line 84, col 22 of module Task1: 12
@!@!@ENDMSG 2221 @!@!@
@!@!@STARTMSG 2221:0 @!@!@
  line 85, col 13 to line 85, col 25 of module Task1: 12
@!@!@ENDMSG 2221 @!@!@
@!@!@STARTMSG 2221:0 @!@!@
  line 86, col 13 to line 86, col 52 of module Task1: 12
@!@!@ENDMSG 2221 @!@!@
@!@!@STARTMSG 2772:0 @!@!@
<Terminating line 89, col 1 to line 89, col 11 of module Task1>: 0:0
@!@!@ENDMSG 2772 @!@!@
@!@!@STARTMSG 2221:0 @!@!@
  line 89, col 16 to line 89, col 26 of module Task1: 24
@!@!@ENDMSG 2221 @!@!@
@!@!@STARTMSG 2221:0 @!@!@
  line 89, col 31 to line 89, col 44 of module Task1: 0
@!@!@ENDMSG 2221 @!@!@
@!@!@STARTMSG 2202:0 @!@!@
End of statistics.
@!@!@ENDMSG 2202 @!@!@
@!@!@STARTMSG 2200:0 @!@!@
Progress(25) at 2023-03-06 17:20:21: 25 states generated (1,101 s/min), 25 distinct states found (1,101 ds/min), 0 states left on queue.
@!@!@ENDMSG 2200 @!@!@
@!@!@STARTMSG 2199:0 @!@!@
25 states generated, 25 distinct states found, 0 states left on queue.
@!@!@ENDMSG 2199 @!@!@
@!@!@STARTMSG 2186:0 @!@!@
Finished in 1372ms at (2023-03-06 17:20:21)
@!@!@ENDMSG 2186 @!@!@
