@!@!@STARTMSG 2262:0 @!@!@
TLC2 Version 2.16 of 31 December 2020 (rev: cdddf55)
@!@!@ENDMSG 2262 @!@!@
@!@!@STARTMSG 2187:0 @!@!@
Running breadth-first search Model-Checking with fp 130 and seed -6693166429713476561 with 6 workers on 12 cores with 1157MB heap and 2603MB offheap memory [pid: 446678] (Linux 4.18.0-425.3.1.el8.x86_64 amd64, AdoptOpenJDK 14.0.1 x86_64, OffHeapDiskFPSet, DiskStateQueue).
@!@!@ENDMSG 2187 @!@!@
@!@!@STARTMSG 2220:0 @!@!@
Starting SANY...
@!@!@ENDMSG 2220 @!@!@
Parsing file /eecs/home/chiddy00/Desktop/EECS4315/Task1.toolbox/Model_1/MC.tla
Parsing file /eecs/home/chiddy00/Desktop/EECS4315/Task1.toolbox/Model_1/Task1.tla
Parsing file /eecs/local/pkg/tlatoolbox-1.7.1/plugins/org.lamport.tlatools_1.0.0.202012311918/tla2sany/StandardModules/TLC.tla
Parsing file /eecs/local/pkg/tlatoolbox-1.7.1/plugins/org.lamport.tlatools_1.0.0.202012311918/tla2sany/StandardModules/Integers.tla
Parsing file /eecs/local/pkg/tlatoolbox-1.7.1/plugins/org.lamport.tlatools_1.0.0.202012311918/tla2sany/StandardModules/Sequences.tla
Parsing file /eecs/local/pkg/tlatoolbox-1.7.1/plugins/org.lamport.tlatools_1.0.0.202012311918/tla2sany/StandardModules/Naturals.tla
Parsing file /eecs/local/pkg/tlatoolbox-1.7.1/plugins/org.lamport.tlatools_1.0.0.202012311918/tla2sany/StandardModules/FiniteSets.tla
Semantic processing of module Naturals
Semantic processing of module Integers
Semantic processing of module Sequences
Semantic processing of module FiniteSets
Semantic processing of module TLC
Semantic processing of module Task1
Semantic processing of module MC
@!@!@STARTMSG 2219:0 @!@!@
SANY finished.
@!@!@ENDMSG 2219 @!@!@
@!@!@STARTMSG 2185:0 @!@!@
Starting... (2023-03-06 17:25:48)
@!@!@ENDMSG 2185 @!@!@
@!@!@STARTMSG 2189:0 @!@!@
Computing initial states...
@!@!@ENDMSG 2189 @!@!@
@!@!@STARTMSG 2190:0 @!@!@
Finished computing initial states: 1 distinct state generated at 2023-03-06 17:25:49.
@!@!@ENDMSG 2190 @!@!@
@!@!@STARTMSG 2132:1 @!@!@
The first argument of Assert evaluated to FALSE; the second argument was:
"Failure of assertion at line 37, column 28."
@!@!@ENDMSG 2132 @!@!@
@!@!@STARTMSG 2121:1 @!@!@
The behavior up to this point is:
@!@!@ENDMSG 2121 @!@!@
@!@!@STARTMSG 2217:4 @!@!@
1: <Initial predicate>
/\ i = 1
/\ j = 1
/\ pc = "loopOverI"
/\ output = <<>>
/\ inSecondInput = FALSE

@!@!@ENDMSG 2217 @!@!@
@!@!@STARTMSG 2217:4 @!@!@
2: <loopOverI line 55, col 14 to line 59, col 59 of module Task1>
/\ i = 1
/\ j = 1
/\ pc = "assignJToI"
/\ output = <<>>
/\ inSecondInput = FALSE

@!@!@ENDMSG 2217 @!@!@
@!@!@STARTMSG 2217:4 @!@!@
3: <assignJToI line 61, col 15 to line 64, col 57 of module Task1>
/\ i = 1
/\ j = 1
/\ pc = "resetInSecondInput"
/\ output = <<>>
/\ inSecondInput = FALSE

@!@!@ENDMSG 2217 @!@!@
@!@!@STARTMSG 2217:4 @!@!@
4: <resetInSecondInput line 66, col 23 to line 69, col 53 of module Task1>
/\ i = 1
/\ j = 1
/\ pc = "loopOverInputj"
/\ output = <<>>
/\ inSecondInput = FALSE

@!@!@ENDMSG 2217 @!@!@
@!@!@STARTMSG 2217:4 @!@!@
5: <loopOverInputj line 71, col 19 to line 75, col 64 of module Task1>
/\ i = 1
/\ j = 1
/\ pc = "checkIfInput1AtIEqualsInput2AtJ"
/\ output = <<>>
/\ inSecondInput = FALSE

@!@!@ENDMSG 2217 @!@!@
@!@!@STARTMSG 2217:4 @!@!@
6: <checkIfInput1AtIEqualsInput2AtJ line 77, col 36 to line 81, col 81 of module Task1>
/\ i = 1
/\ j = 1
/\ pc = "incrementJ"
/\ output = <<>>
/\ inSecondInput = FALSE

@!@!@ENDMSG 2217 @!@!@
@!@!@STARTMSG 2217:4 @!@!@
7: <incrementJ line 93, col 15 to line 96, col 57 of module Task1>
/\ i = 1
/\ j = 2
/\ pc = "loopOverInputj"
/\ output = <<>>
/\ inSecondInput = FALSE

@!@!@ENDMSG 2217 @!@!@
@!@!@STARTMSG 2217:4 @!@!@
8: <loopOverInputj line 71, col 19 to line 75, col 64 of module Task1>
/\ i = 1
/\ j = 2
/\ pc = "checkIfInput1AtIEqualsInput2AtJ"
/\ output = <<>>
/\ inSecondInput = FALSE

@!@!@ENDMSG 2217 @!@!@
@!@!@STARTMSG 2217:4 @!@!@
9: <checkIfInput1AtIEqualsInput2AtJ line 77, col 36 to line 81, col 81 of module Task1>
/\ i = 1
/\ j = 2
/\ pc = "incrementJ"
/\ output = <<>>
/\ inSecondInput = FALSE

@!@!@ENDMSG 2217 @!@!@
@!@!@STARTMSG 2217:4 @!@!@
10: <incrementJ line 93, col 15 to line 96, col 57 of module Task1>
/\ i = 1
/\ j = 3
/\ pc = "loopOverInputj"
/\ output = <<>>
/\ inSecondInput = FALSE

@!@!@ENDMSG 2217 @!@!@
@!@!@STARTMSG 2217:4 @!@!@
11: <loopOverInputj line 71, col 19 to line 75, col 64 of module Task1>
/\ i = 1
/\ j = 3
/\ pc = "checkIfInput1AtIEqualsInput2AtJ"
/\ output = <<>>
/\ inSecondInput = FALSE

@!@!@ENDMSG 2217 @!@!@
@!@!@STARTMSG 2217:4 @!@!@
12: <checkIfInput1AtIEqualsInput2AtJ line 77, col 36 to line 81, col 81 of module Task1>
/\ i = 1
/\ j = 3
/\ pc = "incrementJ"
/\ output = <<>>
/\ inSecondInput = FALSE

@!@!@ENDMSG 2217 @!@!@
@!@!@STARTMSG 2217:4 @!@!@
13: <incrementJ line 93, col 15 to line 96, col 57 of module Task1>
/\ i = 1
/\ j = 4
/\ pc = "loopOverInputj"
/\ output = <<>>
/\ inSecondInput = FALSE

@!@!@ENDMSG 2217 @!@!@
@!@!@STARTMSG 2217:4 @!@!@
14: <loopOverInputj line 71, col 19 to line 75, col 64 of module Task1>
/\ i = 1
/\ j = 4
/\ pc = "checkInSecondInputIsFalse"
/\ output = <<>>
/\ inSecondInput = FALSE

@!@!@ENDMSG 2217 @!@!@
@!@!@STARTMSG 2217:4 @!@!@
15: <checkInSecondInputIsFalse line 98, col 30 to line 102, col 75 of module Task1>
/\ i = 1
/\ j = 4
/\ pc = "AddToOutput"
/\ output = <<>>
/\ inSecondInput = FALSE

@!@!@ENDMSG 2217 @!@!@
@!@!@STARTMSG 2217:4 @!@!@
16: <AddToOutput line 104, col 16 to line 107, col 53 of module Task1>
/\ i = 1
/\ j = 4
/\ pc = "incrementI"
/\ output = <<1>>
/\ inSecondInput = FALSE

@!@!@ENDMSG 2217 @!@!@
@!@!@STARTMSG 2217:4 @!@!@
17: <incrementI line 109, col 15 to line 112, col 57 of module Task1>
/\ i = 2
/\ j = 4
/\ pc = "loopOverI"
/\ output = <<1>>
/\ inSecondInput = FALSE

@!@!@ENDMSG 2217 @!@!@
@!@!@STARTMSG 2217:4 @!@!@
18: <loopOverI line 55, col 14 to line 59, col 59 of module Task1>
/\ i = 2
/\ j = 4
/\ pc = "assignJToI"
/\ output = <<1>>
/\ inSecondInput = FALSE

@!@!@ENDMSG 2217 @!@!@
@!@!@STARTMSG 2217:4 @!@!@
19: <assignJToI line 61, col 15 to line 64, col 57 of module Task1>
/\ i = 2
/\ j = 1
/\ pc = "resetInSecondInput"
/\ output = <<1>>
/\ inSecondInput = FALSE

@!@!@ENDMSG 2217 @!@!@
@!@!@STARTMSG 2217:4 @!@!@
20: <resetInSecondInput line 66, col 23 to line 69, col 53 of module Task1>
/\ i = 2
/\ j = 1
/\ pc = "loopOverInputj"
/\ output = <<1>>
/\ inSecondInput = FALSE

@!@!@ENDMSG 2217 @!@!@
@!@!@STARTMSG 2217:4 @!@!@
21: <loopOverInputj line 71, col 19 to line 75, col 64 of module Task1>
/\ i = 2
/\ j = 1
/\ pc = "checkIfInput1AtIEqualsInput2AtJ"
/\ output = <<1>>
/\ inSecondInput = FALSE

@!@!@ENDMSG 2217 @!@!@
@!@!@STARTMSG 2217:4 @!@!@
22: <checkIfInput1AtIEqualsInput2AtJ line 77, col 36 to line 81, col 81 of module Task1>
/\ i = 2
/\ j = 1
/\ pc = "setInSecondInputTrue"
/\ output = <<1>>
/\ inSecondInput = FALSE

@!@!@ENDMSG 2217 @!@!@
@!@!@STARTMSG 2217:4 @!@!@
23: <setInSecondInputTrue line 83, col 25 to line 86, col 55 of module Task1>
/\ i = 2
/\ j = 1
/\ pc = "break"
/\ output = <<1>>
/\ inSecondInput = TRUE

@!@!@ENDMSG 2217 @!@!@
@!@!@STARTMSG 2217:4 @!@!@
24: <break line 88, col 10 to line 91, col 52 of module Task1>
/\ i = 2
/\ j = 4
/\ pc = "incrementJ"
/\ output = <<1>>
/\ inSecondInput = TRUE

@!@!@ENDMSG 2217 @!@!@
@!@!@STARTMSG 2217:4 @!@!@
25: <incrementJ line 93, col 15 to line 96, col 57 of module Task1>
/\ i = 2
/\ j = 5
/\ pc = "loopOverInputj"
/\ output = <<1>>
/\ inSecondInput = TRUE

@!@!@ENDMSG 2217 @!@!@
@!@!@STARTMSG 2217:4 @!@!@
26: <loopOverInputj line 71, col 19 to line 75, col 64 of module Task1>
/\ i = 2
/\ j = 5
/\ pc = "checkInSecondInputIsFalse"
/\ output = <<1>>
/\ inSecondInput = TRUE

@!@!@ENDMSG 2217 @!@!@
@!@!@STARTMSG 2217:4 @!@!@
27: <checkInSecondInputIsFalse line 98, col 30 to line 102, col 75 of module Task1>
/\ i = 2
/\ j = 5
/\ pc = "incrementI"
/\ output = <<1>>
/\ inSecondInput = TRUE

@!@!@ENDMSG 2217 @!@!@
@!@!@STARTMSG 2217:4 @!@!@
28: <incrementI line 109, col 15 to line 112, col 57 of module Task1>
/\ i = 3
/\ j = 5
/\ pc = "loopOverI"
/\ output = <<1>>
/\ inSecondInput = TRUE

@!@!@ENDMSG 2217 @!@!@
@!@!@STARTMSG 2217:4 @!@!@
29: <loopOverI line 55, col 14 to line 59, col 59 of module Task1>
/\ i = 3
/\ j = 5
/\ pc = "assignJToI"
/\ output = <<1>>
/\ inSecondInput = TRUE

@!@!@ENDMSG 2217 @!@!@
@!@!@STARTMSG 2217:4 @!@!@
30: <assignJToI line 61, col 15 to line 64, col 57 of module Task1>
/\ i = 3
/\ j = 1
/\ pc = "resetInSecondInput"
/\ output = <<1>>
/\ inSecondInput = TRUE

@!@!@ENDMSG 2217 @!@!@
@!@!@STARTMSG 2217:4 @!@!@
31: <resetInSecondInput line 66, col 23 to line 69, col 53 of module Task1>
/\ i = 3
/\ j = 1
/\ pc = "loopOverInputj"
/\ output = <<1>>
/\ inSecondInput = FALSE

@!@!@ENDMSG 2217 @!@!@
@!@!@STARTMSG 2217:4 @!@!@
32: <loopOverInputj line 71, col 19 to line 75, col 64 of module Task1>
/\ i = 3
/\ j = 1
/\ pc = "checkIfInput1AtIEqualsInput2AtJ"
/\ output = <<1>>
/\ inSecondInput = FALSE

@!@!@ENDMSG 2217 @!@!@
@!@!@STARTMSG 2217:4 @!@!@
33: <checkIfInput1AtIEqualsInput2AtJ line 77, col 36 to line 81, col 81 of module Task1>
/\ i = 3
/\ j = 1
/\ pc = "incrementJ"
/\ output = <<1>>
/\ inSecondInput = FALSE

@!@!@ENDMSG 2217 @!@!@
@!@!@STARTMSG 2217:4 @!@!@
34: <incrementJ line 93, col 15 to line 96, col 57 of module Task1>
/\ i = 3
/\ j = 2
/\ pc = "loopOverInputj"
/\ output = <<1>>
/\ inSecondInput = FALSE

@!@!@ENDMSG 2217 @!@!@
@!@!@STARTMSG 2217:4 @!@!@
35: <loopOverInputj line 71, col 19 to line 75, col 64 of module Task1>
/\ i = 3
/\ j = 2
/\ pc = "checkIfInput1AtIEqualsInput2AtJ"
/\ output = <<1>>
/\ inSecondInput = FALSE

@!@!@ENDMSG 2217 @!@!@
@!@!@STARTMSG 2217:4 @!@!@
36: <checkIfInput1AtIEqualsInput2AtJ line 77, col 36 to line 81, col 81 of module Task1>
/\ i = 3
/\ j = 2
/\ pc = "setInSecondInputTrue"
/\ output = <<1>>
/\ inSecondInput = FALSE

@!@!@ENDMSG 2217 @!@!@
@!@!@STARTMSG 2217:4 @!@!@
37: <setInSecondInputTrue line 83, col 25 to line 86, col 55 of module Task1>
/\ i = 3
/\ j = 2
/\ pc = "break"
/\ output = <<1>>
/\ inSecondInput = TRUE

@!@!@ENDMSG 2217 @!@!@
@!@!@STARTMSG 2217:4 @!@!@
38: <break line 88, col 10 to line 91, col 52 of module Task1>
/\ i = 3
/\ j = 4
/\ pc = "incrementJ"
/\ output = <<1>>
/\ inSecondInput = TRUE

@!@!@ENDMSG 2217 @!@!@
@!@!@STARTMSG 2217:4 @!@!@
39: <incrementJ line 93, col 15 to line 96, col 57 of module Task1>
/\ i = 3
/\ j = 5
/\ pc = "loopOverInputj"
/\ output = <<1>>
/\ inSecondInput = TRUE

@!@!@ENDMSG 2217 @!@!@
@!@!@STARTMSG 2217:4 @!@!@
40: <loopOverInputj line 71, col 19 to line 75, col 64 of module Task1>
/\ i = 3
/\ j = 5
/\ pc = "checkInSecondInputIsFalse"
/\ output = <<1>>
/\ inSecondInput = TRUE

@!@!@ENDMSG 2217 @!@!@
@!@!@STARTMSG 2217:4 @!@!@
41: <checkInSecondInputIsFalse line 98, col 30 to line 102, col 75 of module Task1>
/\ i = 3
/\ j = 5
/\ pc = "incrementI"
/\ output = <<1>>
/\ inSecondInput = TRUE

@!@!@ENDMSG 2217 @!@!@
@!@!@STARTMSG 2217:4 @!@!@
42: <incrementI line 109, col 15 to line 112, col 57 of module Task1>
/\ i = 4
/\ j = 5
/\ pc = "loopOverI"
/\ output = <<1>>
/\ inSecondInput = TRUE

@!@!@ENDMSG 2217 @!@!@
@!@!@STARTMSG 2217:4 @!@!@
43: <loopOverI line 55, col 14 to line 59, col 59 of module Task1>
/\ i = 4
/\ j = 5
/\ pc = "assignJToI"
/\ output = <<1>>
/\ inSecondInput = TRUE

@!@!@ENDMSG 2217 @!@!@
@!@!@STARTMSG 2217:4 @!@!@
44: <assignJToI line 61, col 15 to line 64, col 57 of module Task1>
/\ i = 4
/\ j = 1
/\ pc = "resetInSecondInput"
/\ output = <<1>>
/\ inSecondInput = TRUE

@!@!@ENDMSG 2217 @!@!@
@!@!@STARTMSG 2217:4 @!@!@
45: <resetInSecondInput line 66, col 23 to line 69, col 53 of module Task1>
/\ i = 4
/\ j = 1
/\ pc = "loopOverInputj"
/\ output = <<1>>
/\ inSecondInput = FALSE

@!@!@ENDMSG 2217 @!@!@
@!@!@STARTMSG 2217:4 @!@!@
46: <loopOverInputj line 71, col 19 to line 75, col 64 of module Task1>
/\ i = 4
/\ j = 1
/\ pc = "checkIfInput1AtIEqualsInput2AtJ"
/\ output = <<1>>
/\ inSecondInput = FALSE

@!@!@ENDMSG 2217 @!@!@
@!@!@STARTMSG 2217:4 @!@!@
47: <checkIfInput1AtIEqualsInput2AtJ line 77, col 36 to line 81, col 81 of module Task1>
/\ i = 4
/\ j = 1
/\ pc = "incrementJ"
/\ output = <<1>>
/\ inSecondInput = FALSE

@!@!@ENDMSG 2217 @!@!@
@!@!@STARTMSG 2217:4 @!@!@
48: <incrementJ line 93, col 15 to line 96, col 57 of module Task1>
/\ i = 4
/\ j = 2
/\ pc = "loopOverInputj"
/\ output = <<1>>
/\ inSecondInput = FALSE

@!@!@ENDMSG 2217 @!@!@
@!@!@STARTMSG 2217:4 @!@!@
49: <loopOverInputj line 71, col 19 to line 75, col 64 of module Task1>
/\ i = 4
/\ j = 2
/\ pc = "checkIfInput1AtIEqualsInput2AtJ"
/\ output = <<1>>
/\ inSecondInput = FALSE

@!@!@ENDMSG 2217 @!@!@
@!@!@STARTMSG 2217:4 @!@!@
50: <checkIfInput1AtIEqualsInput2AtJ line 77, col 36 to line 81, col 81 of module Task1>
/\ i = 4
/\ j = 2
/\ pc = "incrementJ"
/\ output = <<1>>
/\ inSecondInput = FALSE

@!@!@ENDMSG 2217 @!@!@
@!@!@STARTMSG 2217:4 @!@!@
51: <incrementJ line 93, col 15 to line 96, col 57 of module Task1>
/\ i = 4
/\ j = 3
/\ pc = "loopOverInputj"
/\ output = <<1>>
/\ inSecondInput = FALSE

@!@!@ENDMSG 2217 @!@!@
@!@!@STARTMSG 2217:4 @!@!@
52: <loopOverInputj line 71, col 19 to line 75, col 64 of module Task1>
/\ i = 4
/\ j = 3
/\ pc = "checkIfInput1AtIEqualsInput2AtJ"
/\ output = <<1>>
/\ inSecondInput = FALSE

@!@!@ENDMSG 2217 @!@!@
@!@!@STARTMSG 2217:4 @!@!@
53: <checkIfInput1AtIEqualsInput2AtJ line 77, col 36 to line 81, col 81 of module Task1>
/\ i = 4
/\ j = 3
/\ pc = "setInSecondInputTrue"
/\ output = <<1>>
/\ inSecondInput = FALSE

@!@!@ENDMSG 2217 @!@!@
@!@!@STARTMSG 2217:4 @!@!@
54: <setInSecondInputTrue line 83, col 25 to line 86, col 55 of module Task1>
/\ i = 4
/\ j = 3
/\ pc = "break"
/\ output = <<1>>
/\ inSecondInput = TRUE

@!@!@ENDMSG 2217 @!@!@
@!@!@STARTMSG 2217:4 @!@!@
55: <break line 88, col 10 to line 91, col 52 of module Task1>
/\ i = 4
/\ j = 4
/\ pc = "incrementJ"
/\ output = <<1>>
/\ inSecondInput = TRUE

@!@!@ENDMSG 2217 @!@!@
@!@!@STARTMSG 2217:4 @!@!@
56: <incrementJ line 93, col 15 to line 96, col 57 of module Task1>
/\ i = 4
/\ j = 5
/\ pc = "loopOverInputj"
/\ output = <<1>>
/\ inSecondInput = TRUE

@!@!@ENDMSG 2217 @!@!@
@!@!@STARTMSG 2217:4 @!@!@
57: <loopOverInputj line 71, col 19 to line 75, col 64 of module Task1>
/\ i = 4
/\ j = 5
/\ pc = "checkInSecondInputIsFalse"
/\ output = <<1>>
/\ inSecondInput = TRUE

@!@!@ENDMSG 2217 @!@!@
@!@!@STARTMSG 2217:4 @!@!@
58: <checkInSecondInputIsFalse line 98, col 30 to line 102, col 75 of module Task1>
/\ i = 4
/\ j = 5
/\ pc = "incrementI"
/\ output = <<1>>
/\ inSecondInput = TRUE

@!@!@ENDMSG 2217 @!@!@
@!@!@STARTMSG 2217:4 @!@!@
59: <incrementI line 109, col 15 to line 112, col 57 of module Task1>
/\ i = 5
/\ j = 5
/\ pc = "loopOverI"
/\ output = <<1>>
/\ inSecondInput = TRUE

@!@!@ENDMSG 2217 @!@!@
@!@!@STARTMSG 2217:4 @!@!@
60: <loopOverI line 55, col 14 to line 59, col 59 of module Task1>
/\ i = 5
/\ j = 5
/\ pc = "assignJToI"
/\ output = <<1>>
/\ inSecondInput = TRUE

@!@!@ENDMSG 2217 @!@!@
@!@!@STARTMSG 2217:4 @!@!@
61: <assignJToI line 61, col 15 to line 64, col 57 of module Task1>
/\ i = 5
/\ j = 1
/\ pc = "resetInSecondInput"
/\ output = <<1>>
/\ inSecondInput = TRUE

@!@!@ENDMSG 2217 @!@!@
@!@!@STARTMSG 2217:4 @!@!@
62: <resetInSecondInput line 66, col 23 to line 69, col 53 of module Task1>
/\ i = 5
/\ j = 1
/\ pc = "loopOverInputj"
/\ output = <<1>>
/\ inSecondInput = FALSE

@!@!@ENDMSG 2217 @!@!@
@!@!@STARTMSG 2217:4 @!@!@
63: <loopOverInputj line 71, col 19 to line 75, col 64 of module Task1>
/\ i = 5
/\ j = 1
/\ pc = "checkIfInput1AtIEqualsInput2AtJ"
/\ output = <<1>>
/\ inSecondInput = FALSE

@!@!@ENDMSG 2217 @!@!@
@!@!@STARTMSG 2217:4 @!@!@
64: <checkIfInput1AtIEqualsInput2AtJ line 77, col 36 to line 81, col 81 of module Task1>
/\ i = 5
/\ j = 1
/\ pc = "incrementJ"
/\ output = <<1>>
/\ inSecondInput = FALSE

@!@!@ENDMSG 2217 @!@!@
@!@!@STARTMSG 2217:4 @!@!@
65: <incrementJ line 93, col 15 to line 96, col 57 of module Task1>
/\ i = 5
/\ j = 2
/\ pc = "loopOverInputj"
/\ output = <<1>>
/\ inSecondInput = FALSE

@!@!@ENDMSG 2217 @!@!@
@!@!@STARTMSG 2217:4 @!@!@
66: <loopOverInputj line 71, col 19 to line 75, col 64 of module Task1>
/\ i = 5
/\ j = 2
/\ pc = "checkIfInput1AtIEqualsInput2AtJ"
/\ output = <<1>>
/\ inSecondInput = FALSE

@!@!@ENDMSG 2217 @!@!@
@!@!@STARTMSG 2217:4 @!@!@
67: <checkIfInput1AtIEqualsInput2AtJ line 77, col 36 to line 81, col 81 of module Task1>
/\ i = 5
/\ j = 2
/\ pc = "incrementJ"
/\ output = <<1>>
/\ inSecondInput = FALSE

@!@!@ENDMSG 2217 @!@!@
@!@!@STARTMSG 2217:4 @!@!@
68: <incrementJ line 93, col 15 to line 96, col 57 of module Task1>
/\ i = 5
/\ j = 3
/\ pc = "loopOverInputj"
/\ output = <<1>>
/\ inSecondInput = FALSE

@!@!@ENDMSG 2217 @!@!@
@!@!@STARTMSG 2217:4 @!@!@
69: <loopOverInputj line 71, col 19 to line 75, col 64 of module Task1>
/\ i = 5
/\ j = 3
/\ pc = "checkIfInput1AtIEqualsInput2AtJ"
/\ output = <<1>>
/\ inSecondInput = FALSE

@!@!@ENDMSG 2217 @!@!@
@!@!@STARTMSG 2217:4 @!@!@
70: <checkIfInput1AtIEqualsInput2AtJ line 77, col 36 to line 81, col 81 of module Task1>
/\ i = 5
/\ j = 3
/\ pc = "incrementJ"
/\ output = <<1>>
/\ inSecondInput = FALSE

@!@!@ENDMSG 2217 @!@!@
@!@!@STARTMSG 2217:4 @!@!@
71: <incrementJ line 93, col 15 to line 96, col 57 of module Task1>
/\ i = 5
/\ j = 4
/\ pc = "loopOverInputj"
/\ output = <<1>>
/\ inSecondInput = FALSE

@!@!@ENDMSG 2217 @!@!@
@!@!@STARTMSG 2217:4 @!@!@
72: <loopOverInputj line 71, col 19 to line 75, col 64 of module Task1>
/\ i = 5
/\ j = 4
/\ pc = "checkInSecondInputIsFalse"
/\ output = <<1>>
/\ inSecondInput = FALSE

@!@!@ENDMSG 2217 @!@!@
@!@!@STARTMSG 2217:4 @!@!@
73: <checkInSecondInputIsFalse line 98, col 30 to line 102, col 75 of module Task1>
/\ i = 5
/\ j = 4
/\ pc = "AddToOutput"
/\ output = <<1>>
/\ inSecondInput = FALSE

@!@!@ENDMSG 2217 @!@!@
@!@!@STARTMSG 2217:4 @!@!@
74: <AddToOutput line 104, col 16 to line 107, col 53 of module Task1>
/\ i = 5
/\ j = 4
/\ pc = "incrementI"
/\ output = <<1, 5>>
/\ inSecondInput = FALSE

@!@!@ENDMSG 2217 @!@!@
@!@!@STARTMSG 2217:4 @!@!@
75: <incrementI line 109, col 15 to line 112, col 57 of module Task1>
/\ i = 6
/\ j = 4
/\ pc = "loopOverI"
/\ output = <<1, 5>>
/\ inSecondInput = FALSE

@!@!@ENDMSG 2217 @!@!@
@!@!@STARTMSG 2217:4 @!@!@
76: <loopOverI line 55, col 14 to line 59, col 59 of module Task1>
/\ i = 6
/\ j = 4
/\ pc = "assignJToI"
/\ output = <<1, 5>>
/\ inSecondInput = FALSE

@!@!@ENDMSG 2217 @!@!@
@!@!@STARTMSG 2217:4 @!@!@
77: <assignJToI line 61, col 15 to line 64, col 57 of module Task1>
/\ i = 6
/\ j = 1
/\ pc = "resetInSecondInput"
/\ output = <<1, 5>>
/\ inSecondInput = FALSE

@!@!@ENDMSG 2217 @!@!@
@!@!@STARTMSG 2217:4 @!@!@
78: <resetInSecondInput line 66, col 23 to line 69, col 53 of module Task1>
/\ i = 6
/\ j = 1
/\ pc = "loopOverInputj"
/\ output = <<1, 5>>
/\ inSecondInput = FALSE

@!@!@ENDMSG 2217 @!@!@
@!@!@STARTMSG 2217:4 @!@!@
79: <loopOverInputj line 71, col 19 to line 75, col 64 of module Task1>
/\ i = 6
/\ j = 1
/\ pc = "checkIfInput1AtIEqualsInput2AtJ"
/\ output = <<1, 5>>
/\ inSecondInput = FALSE

@!@!@ENDMSG 2217 @!@!@
@!@!@STARTMSG 2217:4 @!@!@
80: <checkIfInput1AtIEqualsInput2AtJ line 77, col 36 to line 81, col 81 of module Task1>
/\ i = 6
/\ j = 1
/\ pc = "incrementJ"
/\ output = <<1, 5>>
/\ inSecondInput = FALSE

@!@!@ENDMSG 2217 @!@!@
@!@!@STARTMSG 2217:4 @!@!@
81: <incrementJ line 93, col 15 to line 96, col 57 of module Task1>
/\ i = 6
/\ j = 2
/\ pc = "loopOverInputj"
/\ output = <<1, 5>>
/\ inSecondInput = FALSE

@!@!@ENDMSG 2217 @!@!@
@!@!@STARTMSG 2217:4 @!@!@
82: <loopOverInputj line 71, col 19 to line 75, col 64 of module Task1>
/\ i = 6
/\ j = 2
/\ pc = "checkIfInput1AtIEqualsInput2AtJ"
/\ output = <<1, 5>>
/\ inSecondInput = FALSE

@!@!@ENDMSG 2217 @!@!@
@!@!@STARTMSG 2217:4 @!@!@
83: <checkIfInput1AtIEqualsInput2AtJ line 77, col 36 to line 81, col 81 of module Task1>
/\ i = 6
/\ j = 2
/\ pc = "incrementJ"
/\ output = <<1, 5>>
/\ inSecondInput = FALSE

@!@!@ENDMSG 2217 @!@!@
@!@!@STARTMSG 2217:4 @!@!@
84: <incrementJ line 93, col 15 to line 96, col 57 of module Task1>
/\ i = 6
/\ j = 3
/\ pc = "loopOverInputj"
/\ output = <<1, 5>>
/\ inSecondInput = FALSE

@!@!@ENDMSG 2217 @!@!@
@!@!@STARTMSG 2217:4 @!@!@
85: <loopOverInputj line 71, col 19 to line 75, col 64 of module Task1>
/\ i = 6
/\ j = 3
/\ pc = "checkIfInput1AtIEqualsInput2AtJ"
/\ output = <<1, 5>>
/\ inSecondInput = FALSE

@!@!@ENDMSG 2217 @!@!@
@!@!@STARTMSG 2217:4 @!@!@
86: <checkIfInput1AtIEqualsInput2AtJ line 77, col 36 to line 81, col 81 of module Task1>
/\ i = 6
/\ j = 3
/\ pc = "incrementJ"
/\ output = <<1, 5>>
/\ inSecondInput = FALSE

@!@!@ENDMSG 2217 @!@!@
@!@!@STARTMSG 2217:4 @!@!@
87: <incrementJ line 93, col 15 to line 96, col 57 of module Task1>
/\ i = 6
/\ j = 4
/\ pc = "loopOverInputj"
/\ output = <<1, 5>>
/\ inSecondInput = FALSE

@!@!@ENDMSG 2217 @!@!@
@!@!@STARTMSG 2217:4 @!@!@
88: <loopOverInputj line 71, col 19 to line 75, col 64 of module Task1>
/\ i = 6
/\ j = 4
/\ pc = "checkInSecondInputIsFalse"
/\ output = <<1, 5>>
/\ inSecondInput = FALSE

@!@!@ENDMSG 2217 @!@!@
@!@!@STARTMSG 2217:4 @!@!@
89: <checkInSecondInputIsFalse line 98, col 30 to line 102, col 75 of module Task1>
/\ i = 6
/\ j = 4
/\ pc = "AddToOutput"
/\ output = <<1, 5>>
/\ inSecondInput = FALSE

@!@!@ENDMSG 2217 @!@!@
@!@!@STARTMSG 2217:4 @!@!@
90: <AddToOutput line 104, col 16 to line 107, col 53 of module Task1>
/\ i = 6
/\ j = 4
/\ pc = "incrementI"
/\ output = <<1, 5, 6>>
/\ inSecondInput = FALSE

@!@!@ENDMSG 2217 @!@!@
@!@!@STARTMSG 2217:4 @!@!@
91: <incrementI line 109, col 15 to line 112, col 57 of module Task1>
/\ i = 7
/\ j = 4
/\ pc = "loopOverI"
/\ output = <<1, 5, 6>>
/\ inSecondInput = FALSE

@!@!@ENDMSG 2217 @!@!@
@!@!@STARTMSG 2217:4 @!@!@
92: <loopOverI line 55, col 14 to line 59, col 59 of module Task1>
/\ i = 7
/\ j = 4
/\ pc = "postCondition"
/\ output = <<1, 5, 6>>
/\ inSecondInput = FALSE

@!@!@ENDMSG 2217 @!@!@
@!@!@STARTMSG 2103:1 @!@!@
The error occurred when TLC was evaluating the nested
expressions at the following positions:
0. Line 114, column 18 to line 118, column 63 in Task1
1. Line 114, column 21 to line 114, column 40 in Task1
2. Line 115, column 21 to line 116, column 73 in Task1


@!@!@ENDMSG 2103 @!@!@
@!@!@STARTMSG 2201:0 @!@!@
The coverage statistics at 2023-03-06 17:25:49
@!@!@ENDMSG 2201 @!@!@
@!@!@STARTMSG 2773:0 @!@!@
<Init line 48, col 1 to line 48, col 4 of module Task1>: 2:2
@!@!@ENDMSG 2773 @!@!@
@!@!@STARTMSG 2221:0 @!@!@
  line 49, col 9 to line 53, col 27 of module Task1: 2
@!@!@ENDMSG 2221 @!@!@
@!@!@STARTMSG 2772:0 @!@!@
<loopOverI line 55, col 1 to line 55, col 9 of module Task1>: 7:14
@!@!@ENDMSG 2772 @!@!@
@!@!@STARTMSG 2221:0 @!@!@
  line 55, col 17 to line 55, col 32 of module Task1: 198
@!@!@ENDMSG 2221 @!@!@
@!@!@STARTMSG 2221:0 @!@!@
  |line 55, col 17 to line 55, col 18 of module Task1: 184
@!@!@ENDMSG 2221 @!@!@
@!@!@STARTMSG 2221:0 @!@!@
  line 56, col 20 to line 56, col 35 of module Task1: 14
@!@!@ENDMSG 2221 @!@!@
@!@!@STARTMSG 2221:0 @!@!@
  line 57, col 25 to line 57, col 45 of module Task1: 12
@!@!@ENDMSG 2221 @!@!@
@!@!@STARTMSG 2221:0 @!@!@
  line 58, col 25 to line 58, col 48 of module Task1: 2
@!@!@ENDMSG 2221 @!@!@
@!@!@STARTMSG 2221:0 @!@!@
  line 59, col 17 to line 59, col 59 of module Task1: 14
@!@!@ENDMSG 2221 @!@!@
@!@!@STARTMSG 2772:0 @!@!@
<assignJToI line 61, col 1 to line 61, col 10 of module Task1>: 6:12
@!@!@ENDMSG 2772 @!@!@
@!@!@STARTMSG 2221:0 @!@!@
  line 61, col 18 to line 61, col 34 of module Task1: 189
@!@!@ENDMSG 2221 @!@!@
@!@!@STARTMSG 2221:0 @!@!@
  |line 61, col 18 to line 61, col 19 of module Task1: 177
@!@!@ENDMSG 2221 @!@!@
@!@!@STARTMSG 2221:0 @!@!@
  line 62, col 18 to line 62, col 23 of module Task1: 12
@!@!@ENDMSG 2221 @!@!@
@!@!@STARTMSG 2221:0 @!@!@
  line 63, col 18 to line 63, col 43 of module Task1: 12
@!@!@ENDMSG 2221 @!@!@
@!@!@STARTMSG 2221:0 @!@!@
  line 64, col 18 to line 64, col 57 of module Task1: 12
@!@!@ENDMSG 2221 @!@!@
@!@!@STARTMSG 2772:0 @!@!@
<resetInSecondInput line 66, col 1 to line 66, col 18 of module Task1>: 6:12
@!@!@ENDMSG 2772 @!@!@
@!@!@STARTMSG 2221:0 @!@!@
  line 66, col 26 to line 66, col 50 of module Task1: 183
@!@!@ENDMSG 2221 @!@!@
@!@!@STARTMSG 2221:0 @!@!@
  |line 66, col 26 to line 66, col 27 of module Task1: 171
@!@!@ENDMSG 2221 @!@!@
@!@!@STARTMSG 2221:0 @!@!@
  line 67, col 26 to line 67, col 47 of module Task1: 12
@!@!@ENDMSG 2221 @!@!@
@!@!@STARTMSG 2221:0 @!@!@
  line 68, col 26 to line 68, col 47 of module Task1: 12
@!@!@ENDMSG 2221 @!@!@
@!@!@STARTMSG 2221:0 @!@!@
  line 69, col 26 to line 69, col 53 of module Task1: 12
@!@!@ENDMSG 2221 @!@!@
@!@!@STARTMSG 2772:0 @!@!@
<loopOverInputj line 71, col 1 to line 71, col 14 of module Task1>: 21:42
@!@!@ENDMSG 2772 @!@!@
@!@!@STARTMSG 2221:0 @!@!@
  line 71, col 22 to line 71, col 42 of module Task1: 207
@!@!@ENDMSG 2221 @!@!@
@!@!@STARTMSG 2221:0 @!@!@
  |line 71, col 22 to line 71, col 23 of module Task1: 165
@!@!@ENDMSG 2221 @!@!@
@!@!@STARTMSG 2221:0 @!@!@
  line 72, col 25 to line 72, col 40 of module Task1: 42
@!@!@ENDMSG 2221 @!@!@
@!@!@STARTMSG 2221:0 @!@!@
  line 73, col 30 to line 73, col 71 of module Task1: 30
@!@!@ENDMSG 2221 @!@!@
@!@!@STARTMSG 2221:0 @!@!@
  line 74, col 30 to line 74, col 65 of module Task1: 12
@!@!@ENDMSG 2221 @!@!@
@!@!@STARTMSG 2221:0 @!@!@
  line 75, col 22 to line 75, col 64 of module Task1: 42
@!@!@ENDMSG 2221 @!@!@
@!@!@STARTMSG 2772:0 @!@!@
<checkIfInput1AtIEqualsInput2AtJ line 77, col 1 to line 77, col 31 of module Task1>: 15:30
@!@!@ENDMSG 2772 @!@!@
@!@!@STARTMSG 2221:0 @!@!@
  line 77, col 39 to line 77, col 76 of module Task1: 174
@!@!@ENDMSG 2221 @!@!@
@!@!@STARTMSG 2221:0 @!@!@
  |line 77, col 39 to line 77, col 40 of module Task1: 144
@!@!@ENDMSG 2221 @!@!@
@!@!@STARTMSG 2221:0 @!@!@
  line 78, col 42 to line 78, col 62 of module Task1: 30
@!@!@ENDMSG 2221 @!@!@
@!@!@STARTMSG 2221:0 @!@!@
  line 79, col 47 to line 79, col 77 of module Task1: 6
@!@!@ENDMSG 2221 @!@!@
@!@!@STARTMSG 2221:0 @!@!@
  line 80, col 47 to line 80, col 67 of module Task1: 24
@!@!@ENDMSG 2221 @!@!@
@!@!@STARTMSG 2221:0 @!@!@
  line 81, col 39 to line 81, col 81 of module Task1: 30
@!@!@ENDMSG 2221 @!@!@
@!@!@STARTMSG 2772:0 @!@!@
<setInSecondInputTrue line 83, col 1 to line 83, col 20 of module Task1>: 3:6
@!@!@ENDMSG 2772 @!@!@
@!@!@STARTMSG 2221:0 @!@!@
  line 83, col 28 to line 83, col 54 of module Task1: 135
@!@!@ENDMSG 2221 @!@!@
@!@!@STARTMSG 2221:0 @!@!@
  |line 83, col 28 to line 83, col 29 of module Task1: 129
@!@!@ENDMSG 2221 @!@!@
@!@!@STARTMSG 2221:0 @!@!@
  line 84, col 28 to line 84, col 48 of module Task1: 6
@!@!@ENDMSG 2221 @!@!@
@!@!@STARTMSG 2221:0 @!@!@
  line 85, col 28 to line 85, col 40 of module Task1: 6
@!@!@ENDMSG 2221 @!@!@
@!@!@STARTMSG 2221:0 @!@!@
  line 86, col 28 to line 86, col 55 of module Task1: 6
@!@!@ENDMSG 2221 @!@!@
@!@!@STARTMSG 2772:0 @!@!@
<break line 88, col 1 to line 88, col 5 of module Task1>: 3:6
@!@!@ENDMSG 2772 @!@!@
@!@!@STARTMSG 2221:0 @!@!@
  line 88, col 13 to line 88, col 24 of module Task1: 132
@!@!@ENDMSG 2221 @!@!@
@!@!@STARTMSG 2221:0 @!@!@
  |line 88, col 13 to line 88, col 14 of module Task1: 126
@!@!@ENDMSG 2221 @!@!@
@!@!@STARTMSG 2221:0 @!@!@
  line 89, col 13 to line 89, col 32 of module Task1: 6
@!@!@ENDMSG 2221 @!@!@
@!@!@STARTMSG 2221:0 @!@!@
  line 90, col 13 to line 90, col 30 of module Task1: 6
@!@!@ENDMSG 2221 @!@!@
@!@!@STARTMSG 2221:0 @!@!@
  line 91, col 13 to line 91, col 52 of module Task1: 6
@!@!@ENDMSG 2221 @!@!@
@!@!@STARTMSG 2772:0 @!@!@
<incrementJ line 93, col 1 to line 93, col 10 of module Task1>: 15:30
@!@!@ENDMSG 2772 @!@!@
@!@!@STARTMSG 2221:0 @!@!@
  line 93, col 18 to line 93, col 34 of module Task1: 153
@!@!@ENDMSG 2221 @!@!@
@!@!@STARTMSG 2221:0 @!@!@
  |line 93, col 18 to line 93, col 19 of module Task1: 123
@!@!@ENDMSG 2221 @!@!@
@!@!@STARTMSG 2221:0 @!@!@
  line 94, col 18 to line 94, col 27 of module Task1: 30
@!@!@ENDMSG 2221 @!@!@
@!@!@STARTMSG 2221:0 @!@!@
  line 95, col 18 to line 95, col 39 of module Task1: 30
@!@!@ENDMSG 2221 @!@!@
@!@!@STARTMSG 2221:0 @!@!@
  line 96, col 18 to line 96, col 57 of module Task1: 30
@!@!@ENDMSG 2221 @!@!@
@!@!@STARTMSG 2772:0 @!@!@
<checkInSecondInputIsFalse line 98, col 1 to line 98, col 25 of module Task1>: 6:12
@!@!@ENDMSG 2772 @!@!@
@!@!@STARTMSG 2221:0 @!@!@
  line 98, col 33 to line 98, col 64 of module Task1: 120
@!@!@ENDMSG 2221 @!@!@
@!@!@STARTMSG 2221:0 @!@!@
  |line 98, col 33 to line 98, col 34 of module Task1: 108
@!@!@ENDMSG 2221 @!@!@
@!@!@STARTMSG 2221:0 @!@!@
  line 99, col 36 to line 99, col 56 of module Task1: 12
@!@!@ENDMSG 2221 @!@!@
@!@!@STARTMSG 2221:0 @!@!@
  line 100, col 41 to line 100, col 62 of module Task1: 6
@!@!@ENDMSG 2221 @!@!@
@!@!@STARTMSG 2221:0 @!@!@
  line 101, col 41 to line 101, col 61 of module Task1: 6
@!@!@ENDMSG 2221 @!@!@
@!@!@STARTMSG 2221:0 @!@!@
  line 102, col 33 to line 102, col 75 of module Task1: 12
@!@!@ENDMSG 2221 @!@!@
@!@!@STARTMSG 2772:0 @!@!@
<AddToOutput line 104, col 1 to line 104, col 11 of module Task1>: 3:6
@!@!@ENDMSG 2772 @!@!@
@!@!@STARTMSG 2221:0 @!@!@
  line 104, col 19 to line 104, col 36 of module Task1: 108
@!@!@ENDMSG 2221 @!@!@
@!@!@STARTMSG 2221:0 @!@!@
  |line 104, col 19 to line 104, col 20 of module Task1: 102
@!@!@ENDMSG 2221 @!@!@
@!@!@STARTMSG 2221:0 @!@!@
  line 105, col 19 to line 105, col 51 of module Task1: 6
@!@!@ENDMSG 2221 @!@!@
@!@!@STARTMSG 2221:0 @!@!@
  line 106, col 19 to line 106, col 36 of module Task1: 6
@!@!@ENDMSG 2221 @!@!@
@!@!@STARTMSG 2221:0 @!@!@
  line 107, col 19 to line 107, col 53 of module Task1: 6
@!@!@ENDMSG 2221 @!@!@
@!@!@STARTMSG 2772:0 @!@!@
<incrementI line 109, col 1 to line 109, col 10 of module Task1>: 6:12
@!@!@ENDMSG 2772 @!@!@
@!@!@STARTMSG 2221:0 @!@!@
  line 109, col 18 to line 109, col 34 of module Task1: 111
@!@!@ENDMSG 2221 @!@!@
@!@!@STARTMSG 2221:0 @!@!@
  |line 109, col 18 to line 109, col 19 of module Task1: 99
@!@!@ENDMSG 2221 @!@!@
@!@!@STARTMSG 2221:0 @!@!@
  line 110, col 18 to line 110, col 27 of module Task1: 12
@!@!@ENDMSG 2221 @!@!@
@!@!@STARTMSG 2221:0 @!@!@
  line 111, col 18 to line 111, col 34 of module Task1: 12
@!@!@ENDMSG 2221 @!@!@
@!@!@STARTMSG 2221:0 @!@!@
  line 112, col 18 to line 112, col 57 of module Task1: 12
@!@!@ENDMSG 2221 @!@!@
@!@!@STARTMSG 2772:0 @!@!@
<postCondition line 114, col 1 to line 114, col 13 of module Task1>: 0:0
@!@!@ENDMSG 2772 @!@!@
@!@!@STARTMSG 2221:0 @!@!@
  line 114, col 21 to line 114, col 40 of module Task1: 93
@!@!@ENDMSG 2221 @!@!@
@!@!@STARTMSG 2221:0 @!@!@
  line 115, col 28 to line 115, col 101 of module Task1: 2
@!@!@ENDMSG 2221 @!@!@
@!@!@STARTMSG 2221:0 @!@!@
  |line 115, col 53 to line 115, col 101 of module Task1: 2
@!@!@ENDMSG 2221 @!@!@
@!@!@STARTMSG 2221:0 @!@!@
  ||line 115, col 55 to line 115, col 100 of module Task1: 2
@!@!@ENDMSG 2221 @!@!@
@!@!@STARTMSG 2221:0 @!@!@
  |||line 115, col 80 to line 115, col 100 of module Task1: 4
@!@!@ENDMSG 2221 @!@!@
@!@!@STARTMSG 2221:0 @!@!@
  |||line 115, col 64 to line 115, col 77 of module Task1: 2
@!@!@ENDMSG 2221 @!@!@
@!@!@STARTMSG 2221:0 @!@!@
  |line 115, col 37 to line 115, col 50 of module Task1: 2
@!@!@ENDMSG 2221 @!@!@
@!@!@STARTMSG 2221:0 @!@!@
  line 117, col 21 to line 117, col 32 of module Task1: 0
@!@!@ENDMSG 2221 @!@!@
@!@!@STARTMSG 2221:0 @!@!@
  line 118, col 21 to line 118, col 63 of module Task1: 0
@!@!@ENDMSG 2221 @!@!@
@!@!@STARTMSG 2772:0 @!@!@
<Terminating line 121, col 1 to line 121, col 11 of module Task1>: 0:0
@!@!@ENDMSG 2772 @!@!@
@!@!@STARTMSG 2221:0 @!@!@
  line 121, col 16 to line 121, col 26 of module Task1: 91
@!@!@ENDMSG 2221 @!@!@
@!@!@STARTMSG 2221:0 @!@!@
  line 121, col 31 to line 121, col 44 of module Task1: 0
@!@!@ENDMSG 2221 @!@!@
@!@!@STARTMSG 2202:0 @!@!@
End of statistics.
@!@!@ENDMSG 2202 @!@!@
@!@!@STARTMSG 2200:0 @!@!@
Progress(92) at 2023-03-06 17:25:49: 92 states generated (4,181 s/min), 92 distinct states found (4,181 ds/min), 0 states left on queue.
@!@!@ENDMSG 2200 @!@!@
@!@!@STARTMSG 2199:0 @!@!@
92 states generated, 92 distinct states found, 0 states left on queue.
@!@!@ENDMSG 2199 @!@!@
@!@!@STARTMSG 2186:0 @!@!@
Finished in 1331ms at (2023-03-06 17:25:49)
@!@!@ENDMSG 2186 @!@!@
