@!@!@STARTMSG 2262:0 @!@!@
TLC2 Version 2.16 of 31 December 2020 (rev: cdddf55)
@!@!@ENDMSG 2262 @!@!@
@!@!@STARTMSG 2187:0 @!@!@
Running breadth-first search Model-Checking with fp 41 and seed 3965184709669567114 with 4 workers on 8 cores with 2368MB heap and 5324MB offheap memory [pid: 1177136] (Linux 4.18.0-425.13.1.el8_7.x86_64 amd64, AdoptOpenJDK 14.0.1 x86_64, OffHeapDiskFPSet, DiskStateQueue).
@!@!@ENDMSG 2187 @!@!@
@!@!@STARTMSG 2220:0 @!@!@
Starting SANY...
@!@!@ENDMSG 2220 @!@!@
Parsing file /eecs/home/chiddy00/Desktop/EECS4315/isAnagram.toolbox/Model_1/MC.tla
Parsing file /eecs/home/chiddy00/Desktop/EECS4315/isAnagram.toolbox/Model_1/isAnagram.tla
Labels added.
Parsing file /eecs/local/pkg/tlatoolbox-1.7.1/plugins/org.lamport.tlatools_1.0.0.202012311918/tla2sany/StandardModules/TLC.tla
Parsing file /eecs/local/pkg/tlatoolbox-1.7.1/plugins/org.lamport.tlatools_1.0.0.202012311918/tla2sany/StandardModules/Integers.tla
Parsing file /eecs/local/pkg/tlatoolbox-1.7.1/plugins/org.lamport.tlatools_1.0.0.202012311918/tla2sany/StandardModules/Sequences.tla
Parsing file /eecs/local/pkg/tlatoolbox-1.7.1/plugins/org.lamport.tlatools_1.0.0.202012311918/tla2sany/StandardModules/Naturals.tla
Parsing file /eecs/local/pkg/tlatoolbox-1.7.1/plugins/org.lamport.tlatools_1.0.0.202012311918/tla2sany/StandardModules/FiniteSets.tla
Semantic processing of module Naturals
Semantic processing of module Integers
Semantic processing of module Sequences
Semantic processing of module FiniteSets
Semantic processing of module TLC
Semantic processing of module isAnagram
Semantic processing of module MC
@!@!@STARTMSG 2219:0 @!@!@
SANY finished.
@!@!@ENDMSG 2219 @!@!@
@!@!@STARTMSG 2185:0 @!@!@
Starting... (2023-04-03 20:44:28)
@!@!@ENDMSG 2185 @!@!@
@!@!@STARTMSG 2189:0 @!@!@
Computing initial states...
@!@!@ENDMSG 2189 @!@!@
@!@!@STARTMSG 2190:0 @!@!@
Finished computing initial states: 1 distinct state generated at 2023-04-03 20:44:30.
@!@!@ENDMSG 2190 @!@!@
"Found what im looking for!"
"Found what im looking for!"
"IM in here!"
"IM in here!"
@!@!@STARTMSG 2132:1 @!@!@
The first argument of Assert evaluated to FALSE; the second argument was:
"Failure of assertion at line 47, column 13."
@!@!@ENDMSG 2132 @!@!@
"Found what im looking for!"
"Found what im looking for!"
"IM in here!"
"IM in here!"
@!@!@STARTMSG 2121:1 @!@!@
The behavior up to this point is:
@!@!@ENDMSG 2121 @!@!@
@!@!@STARTMSG 2217:4 @!@!@
1: <Initial predicate>
/\ found = FALSE
/\ i = 1
/\ j = 1
/\ pc = "Lbl_1"
/\ output = TRUE

@!@!@ENDMSG 2217 @!@!@
@!@!@STARTMSG 2217:4 @!@!@
2: <Lbl_1 line 65, col 10 to line 71, col 39 of module isAnagram>
/\ found = FALSE
/\ i = 1
/\ j = 1
/\ pc = "Lbl_2"
/\ output = TRUE

@!@!@ENDMSG 2217 @!@!@
@!@!@STARTMSG 2217:4 @!@!@
3: <Lbl_2 line 73, col 10 to line 79, col 40 of module isAnagram>
/\ found = FALSE
/\ i = 1
/\ j = 1
/\ pc = "Lbl_3"
/\ output = TRUE

@!@!@ENDMSG 2217 @!@!@
@!@!@STARTMSG 2217:4 @!@!@
4: <Lbl_3 line 81, col 10 to line 98, col 47 of module isAnagram>
/\ found = FALSE
/\ i = 1
/\ j = 2
/\ pc = "Lbl_3"
/\ output = TRUE

@!@!@ENDMSG 2217 @!@!@
@!@!@STARTMSG 2217:4 @!@!@
5: <Lbl_3 line 81, col 10 to line 98, col 47 of module isAnagram>
/\ found = TRUE
/\ i = 1
/\ j = 3
/\ pc = "Lbl_3"
/\ output = TRUE

@!@!@ENDMSG 2217 @!@!@
@!@!@STARTMSG 2217:4 @!@!@
6: <Lbl_3 line 81, col 10 to line 98, col 47 of module isAnagram>
/\ found = TRUE
/\ i = 1
/\ j = 4
/\ pc = "Lbl_3"
/\ output = TRUE

@!@!@ENDMSG 2217 @!@!@
@!@!@STARTMSG 2217:4 @!@!@
7: <Lbl_3 line 81, col 10 to line 98, col 47 of module isAnagram>
/\ found = TRUE
/\ i = 2
/\ j = 4
/\ pc = "Lbl_2"
/\ output = TRUE

@!@!@ENDMSG 2217 @!@!@
@!@!@STARTMSG 2217:4 @!@!@
8: <Lbl_2 line 73, col 10 to line 79, col 40 of module isAnagram>
/\ found = FALSE
/\ i = 2
/\ j = 4
/\ pc = "Lbl_3"
/\ output = TRUE

@!@!@ENDMSG 2217 @!@!@
@!@!@STARTMSG 2217:4 @!@!@
9: <Lbl_3 line 81, col 10 to line 98, col 47 of module isAnagram>
/\ found = FALSE
/\ i = 3
/\ j = 4
/\ pc = "Lbl_2"
/\ output = FALSE

@!@!@ENDMSG 2217 @!@!@
@!@!@STARTMSG 2217:4 @!@!@
10: <Lbl_2 line 73, col 10 to line 79, col 40 of module isAnagram>
/\ found = FALSE
/\ i = 3
/\ j = 4
/\ pc = "Lbl_3"
/\ output = FALSE

@!@!@ENDMSG 2217 @!@!@
@!@!@STARTMSG 2217:4 @!@!@
11: <Lbl_3 line 81, col 10 to line 98, col 47 of module isAnagram>
/\ found = FALSE
/\ i = 4
/\ j = 4
/\ pc = "Lbl_2"
/\ output = FALSE

@!@!@ENDMSG 2217 @!@!@
@!@!@STARTMSG 2217:4 @!@!@
12: <Lbl_2 line 73, col 10 to line 79, col 40 of module isAnagram>
/\ found = FALSE
/\ i = 4
/\ j = 4
/\ pc = "Lbl_4"
/\ output = FALSE

@!@!@ENDMSG 2217 @!@!@
@!@!@STARTMSG 2103:1 @!@!@
The error occurred when TLC was evaluating the nested
expressions at the following positions:
0. Line 100, column 10 to line 104, column 47 in isAnagram
1. Line 100, column 13 to line 100, column 24 in isAnagram
2. Line 101, column 13 to line 102, column 65 in isAnagram


@!@!@ENDMSG 2103 @!@!@
@!@!@STARTMSG 2201:0 @!@!@
The coverage statistics at 2023-04-03 20:44:30
@!@!@ENDMSG 2201 @!@!@
@!@!@STARTMSG 2773:0 @!@!@
<Init line 58, col 1 to line 58, col 4 of module isAnagram>: 2:2
@!@!@ENDMSG 2773 @!@!@
@!@!@STARTMSG 2221:0 @!@!@
  line 59, col 9 to line 63, col 23 of module isAnagram: 2
@!@!@ENDMSG 2221 @!@!@
@!@!@STARTMSG 2772:0 @!@!@
<Lbl_1 line 65, col 1 to line 65, col 5 of module isAnagram>: 1:2
@!@!@ENDMSG 2772 @!@!@
@!@!@STARTMSG 2221:0 @!@!@
  line 65, col 13 to line 65, col 24 of module isAnagram: 26
@!@!@ENDMSG 2221 @!@!@
@!@!@STARTMSG 2221:0 @!@!@
  |line 65, col 13 to line 65, col 14 of module isAnagram: 24
@!@!@ENDMSG 2221 @!@!@
@!@!@STARTMSG 2221:0 @!@!@
  line 66, col 16 to line 66, col 40 of module isAnagram: 2
@!@!@ENDMSG 2221 @!@!@
@!@!@STARTMSG 2221:0 @!@!@
  line 67, col 24 to line 67, col 36 of module isAnagram: 2
@!@!@ENDMSG 2221 @!@!@
@!@!@STARTMSG 2221:0 @!@!@
  line 68, col 24 to line 68, col 39 of module isAnagram: 2
@!@!@ENDMSG 2221 @!@!@
@!@!@STARTMSG 2221:0 @!@!@
  line 69, col 24 to line 69, col 38 of module isAnagram: 0
@!@!@ENDMSG 2221 @!@!@
@!@!@STARTMSG 2221:0 @!@!@
  line 70, col 24 to line 70, col 36 of module isAnagram: 0
@!@!@ENDMSG 2221 @!@!@
@!@!@STARTMSG 2221:0 @!@!@
  line 71, col 13 to line 71, col 39 of module isAnagram: 2
@!@!@ENDMSG 2221 @!@!@
@!@!@STARTMSG 2772:0 @!@!@
<Lbl_2 line 73, col 1 to line 73, col 5 of module isAnagram>: 4:8
@!@!@ENDMSG 2772 @!@!@
@!@!@STARTMSG 2221:0 @!@!@
  line 73, col 13 to line 73, col 24 of module isAnagram: 31
@!@!@ENDMSG 2221 @!@!@
@!@!@STARTMSG 2221:0 @!@!@
  |line 73, col 13 to line 73, col 14 of module isAnagram: 23
@!@!@ENDMSG 2221 @!@!@
@!@!@STARTMSG 2221:0 @!@!@
  line 74, col 16 to line 74, col 31 of module isAnagram: 8
@!@!@ENDMSG 2221 @!@!@
@!@!@STARTMSG 2221:0 @!@!@
  line 75, col 21 to line 76, col 36 of module isAnagram: 6
@!@!@ENDMSG 2221 @!@!@
@!@!@STARTMSG 2221:0 @!@!@
  line 77, col 21 to line 78, col 37 of module isAnagram: 2
@!@!@ENDMSG 2221 @!@!@
@!@!@STARTMSG 2221:0 @!@!@
  line 79, col 13 to line 79, col 40 of module isAnagram: 8
@!@!@ENDMSG 2221 @!@!@
@!@!@STARTMSG 2772:0 @!@!@
<Lbl_3 line 81, col 1 to line 81, col 5 of module isAnagram>: 6:12
@!@!@ENDMSG 2772 @!@!@
@!@!@STARTMSG 2221:0 @!@!@
  line 81, col 13 to line 81, col 24 of module isAnagram: 31
@!@!@ENDMSG 2221 @!@!@
@!@!@STARTMSG 2221:0 @!@!@
  |line 81, col 13 to line 81, col 14 of module isAnagram: 19
@!@!@ENDMSG 2221 @!@!@
@!@!@STARTMSG 2221:0 @!@!@
  line 82, col 16 to line 82, col 31 of module isAnagram: 12
@!@!@ENDMSG 2221 @!@!@
@!@!@STARTMSG 2221:0 @!@!@
  line 83, col 27 to line 83, col 47 of module isAnagram: 6
@!@!@ENDMSG 2221 @!@!@
@!@!@STARTMSG 2221:0 @!@!@
  line 84, col 32 to line 85, col 47 of module isAnagram: 4
@!@!@ENDMSG 2221 @!@!@
@!@!@STARTMSG 2221:0 @!@!@
  line 86, col 32 to line 87, col 48 of module isAnagram: 2
@!@!@ENDMSG 2221 @!@!@
@!@!@STARTMSG 2221:0 @!@!@
  line 88, col 24 to line 88, col 33 of module isAnagram: 6
@!@!@ENDMSG 2221 @!@!@
@!@!@STARTMSG 2221:0 @!@!@
  line 89, col 24 to line 89, col 36 of module isAnagram: 6
@!@!@ENDMSG 2221 @!@!@
@!@!@STARTMSG 2221:0 @!@!@
  line 90, col 24 to line 90, col 48 of module isAnagram: 6
@!@!@ENDMSG 2221 @!@!@
@!@!@STARTMSG 2221:0 @!@!@
  line 91, col 27 to line 91, col 38 of module isAnagram: 6
@!@!@ENDMSG 2221 @!@!@
@!@!@STARTMSG 2221:0 @!@!@
  line 92, col 32 to line 93, col 49 of module isAnagram: 4
@!@!@ENDMSG 2221 @!@!@
@!@!@STARTMSG 2221:0 @!@!@
  line 94, col 35 to line 94, col 38 of module isAnagram: 2
@!@!@ENDMSG 2221 @!@!@
@!@!@STARTMSG 2221:0 @!@!@
  line 95, col 35 to line 95, col 50 of module isAnagram: 2
@!@!@ENDMSG 2221 @!@!@
@!@!@STARTMSG 2221:0 @!@!@
  line 96, col 24 to line 96, col 33 of module isAnagram: 6
@!@!@ENDMSG 2221 @!@!@
@!@!@STARTMSG 2221:0 @!@!@
  line 97, col 24 to line 97, col 36 of module isAnagram: 6
@!@!@ENDMSG 2221 @!@!@
@!@!@STARTMSG 2221:0 @!@!@
  line 98, col 24 to line 98, col 47 of module isAnagram: 6
@!@!@ENDMSG 2221 @!@!@
@!@!@STARTMSG 2772:0 @!@!@
<Lbl_4 line 100, col 1 to line 100, col 5 of module isAnagram>: 0:0
@!@!@ENDMSG 2772 @!@!@
@!@!@STARTMSG 2221:0 @!@!@
  line 100, col 13 to line 100, col 24 of module isAnagram: 13
@!@!@ENDMSG 2221 @!@!@
@!@!@STARTMSG 2221:0 @!@!@
  line 101, col 20 to line 101, col 141 of module isAnagram: 2
@!@!@ENDMSG 2221 @!@!@
@!@!@STARTMSG 2221:0 @!@!@
  |line 101, col 20 to line 101, col 32 of module isAnagram: 2
@!@!@ENDMSG 2221 @!@!@
@!@!@STARTMSG 2221:0 @!@!@
  |line 101, col 38 to line 101, col 141 of module isAnagram: 2
@!@!@ENDMSG 2221 @!@!@
@!@!@STARTMSG 2221:0 @!@!@
  ||line 101, col 38 to line 101, col 62 of module isAnagram: 2
@!@!@ENDMSG 2221 @!@!@
@!@!@STARTMSG 2221:0 @!@!@
  ||line 101, col 68 to line 101, col 140 of module isAnagram: 2
@!@!@ENDMSG 2221 @!@!@
@!@!@STARTMSG 2221:0 @!@!@
  |||line 101, col 94 to line 101, col 139 of module isAnagram: 6
@!@!@ENDMSG 2221 @!@!@
@!@!@STARTMSG 2221:0 @!@!@
  ||||line 101, col 119 to line 101, col 139 of module isAnagram: 10
@!@!@ENDMSG 2221 @!@!@
@!@!@STARTMSG 2221:0 @!@!@
  ||||line 101, col 103 to line 101, col 116 of module isAnagram: 6
@!@!@ENDMSG 2221 @!@!@
@!@!@STARTMSG 2221:0 @!@!@
  |||line 101, col 77 to line 101, col 90 of module isAnagram: 2
@!@!@ENDMSG 2221 @!@!@
@!@!@STARTMSG 2221:0 @!@!@
  line 103, col 13 to line 103, col 24 of module isAnagram: 0
@!@!@ENDMSG 2221 @!@!@
@!@!@STARTMSG 2221:0 @!@!@
  line 104, col 13 to line 104, col 47 of module isAnagram: 0
@!@!@ENDMSG 2221 @!@!@
@!@!@STARTMSG 2772:0 @!@!@
<Terminating line 107, col 1 to line 107, col 11 of module isAnagram>: 0:0
@!@!@ENDMSG 2772 @!@!@
@!@!@STARTMSG 2221:0 @!@!@
  line 107, col 16 to line 107, col 26 of module isAnagram: 11
@!@!@ENDMSG 2221 @!@!@
@!@!@STARTMSG 2221:0 @!@!@
  line 107, col 31 to line 107, col 44 of module isAnagram: 0
@!@!@ENDMSG 2221 @!@!@
@!@!@STARTMSG 2202:0 @!@!@
End of statistics.
@!@!@ENDMSG 2202 @!@!@
@!@!@STARTMSG 2200:0 @!@!@
Progress(12) at 2023-04-03 20:44:30: 12 states generated (221 s/min), 12 distinct states found (221 ds/min), 0 states left on queue.
@!@!@ENDMSG 2200 @!@!@
@!@!@STARTMSG 2199:0 @!@!@
12 states generated, 12 distinct states found, 0 states left on queue.
@!@!@ENDMSG 2199 @!@!@
@!@!@STARTMSG 2186:0 @!@!@
Finished in 3331ms at (2023-04-03 20:44:30)
@!@!@ENDMSG 2186 @!@!@
