@!@!@STARTMSG 2262:0 @!@!@
TLC2 Version 2.16 of 31 December 2020 (rev: cdddf55)
@!@!@ENDMSG 2262 @!@!@
@!@!@STARTMSG 2187:0 @!@!@
Running breadth-first search Model-Checking with fp 123 and seed 5600592335981916209 with 6 workers on 12 cores with 1157MB heap and 2603MB offheap memory [pid: 302754] (Linux 4.18.0-425.3.1.el8.x86_64 amd64, AdoptOpenJDK 14.0.1 x86_64, OffHeapDiskFPSet, DiskStateQueue).
@!@!@ENDMSG 2187 @!@!@
@!@!@STARTMSG 2220:0 @!@!@
Starting SANY...
@!@!@ENDMSG 2220 @!@!@
Parsing file /eecs/home/chiddy00/Desktop/EECS4315/getRightShifts2.toolbox/Model_1/MC.tla
Parsing file /eecs/home/chiddy00/Desktop/EECS4315/getRightShifts2.toolbox/Model_1/getRightShifts2.tla
Parsing file /eecs/local/pkg/tlatoolbox-1.7.1/plugins/org.lamport.tlatools_1.0.0.202012311918/tla2sany/StandardModules/TLC.tla
Parsing file /eecs/local/pkg/tlatoolbox-1.7.1/plugins/org.lamport.tlatools_1.0.0.202012311918/tla2sany/StandardModules/Integers.tla
Parsing file /eecs/local/pkg/tlatoolbox-1.7.1/plugins/org.lamport.tlatools_1.0.0.202012311918/tla2sany/StandardModules/Sequences.tla
Parsing file /eecs/local/pkg/tlatoolbox-1.7.1/plugins/org.lamport.tlatools_1.0.0.202012311918/tla2sany/StandardModules/Naturals.tla
Parsing file /eecs/local/pkg/tlatoolbox-1.7.1/plugins/org.lamport.tlatools_1.0.0.202012311918/tla2sany/StandardModules/FiniteSets.tla
Semantic processing of module Naturals
Semantic processing of module Integers
Semantic processing of module Sequences
Semantic processing of module FiniteSets
Semantic processing of module TLC
Semantic processing of module getRightShifts2
Semantic processing of module MC
@!@!@STARTMSG 2219:0 @!@!@
SANY finished.
@!@!@ENDMSG 2219 @!@!@
@!@!@STARTMSG 2185:0 @!@!@
Starting... (2023-03-05 21:54:54)
@!@!@ENDMSG 2185 @!@!@
@!@!@STARTMSG 2189:0 @!@!@
Computing initial states...
@!@!@ENDMSG 2189 @!@!@
@!@!@STARTMSG 2190:0 @!@!@
Finished computing initial states: 1 distinct state generated at 2023-03-05 21:54:55.
@!@!@ENDMSG 2190 @!@!@
@!@!@STARTMSG 2144:3 @!@!@
The EXCEPT was applied to non-existing fields of the value at
line 69, col 31 to line 69, col 36 of module getRightShifts2
@!@!@ENDMSG 2144 @!@!@
@!@!@STARTMSG 2132:1 @!@!@
The first argument of Assert evaluated to FALSE; the second argument was:
"Failure of assertion at line 28, column 13."
@!@!@ENDMSG 2132 @!@!@
@!@!@STARTMSG 2121:1 @!@!@
The behavior up to this point is:
@!@!@ENDMSG 2121 @!@!@
@!@!@STARTMSG 2217:4 @!@!@
1: <Initial predicate>
/\ result = <<1, 2, 3, 4>>
/\ i = 1
/\ pc = "assertNGreater0"
/\ newPos = 0

@!@!@ENDMSG 2217 @!@!@
@!@!@STARTMSG 2217:4 @!@!@
2: <assertNGreater0 line 43, col 20 to line 47, col 55 of module getRightShifts2>
/\ result = <<1, 2, 3, 4>>
/\ i = 1
/\ pc = "assertLenGreater0"
/\ newPos = 0

@!@!@ENDMSG 2217 @!@!@
@!@!@STARTMSG 2217:4 @!@!@
3: <assertLenGreater0 line 49, col 22 to line 53, col 57 of module getRightShifts2>
/\ result = <<1, 2, 3, 4>>
/\ i = 1
/\ pc = "whileloop"
/\ newPos = 0

@!@!@ENDMSG 2217 @!@!@
@!@!@STARTMSG 2217:4 @!@!@
4: <whileloop line 55, col 14 to line 61, col 49 of module getRightShifts2>
/\ result = <<1, 2, 3, 4>>
/\ i = 1
/\ pc = "calNewPos"
/\ newPos = 0

@!@!@ENDMSG 2217 @!@!@
@!@!@STARTMSG 2217:4 @!@!@
5: <calNewPos line 63, col 14 to line 66, col 41 of module getRightShifts2>
/\ result = <<1, 2, 3, 4>>
/\ i = 1
/\ pc = "assignResult"
/\ newPos = 1

@!@!@ENDMSG 2217 @!@!@
@!@!@STARTMSG 2217:4 @!@!@
6: <assignResult line 68, col 17 to line 71, col 44 of module getRightShifts2>
/\ result = <<1, 2, 3, 4>>
/\ i = 1
/\ pc = "incrementI"
/\ newPos = 1

@!@!@ENDMSG 2217 @!@!@
@!@!@STARTMSG 2217:4 @!@!@
7: <incrementI line 73, col 15 to line 76, col 47 of module getRightShifts2>
/\ result = <<1, 2, 3, 4>>
/\ i = 2
/\ pc = "whileloop"
/\ newPos = 1

@!@!@ENDMSG 2217 @!@!@
@!@!@STARTMSG 2217:4 @!@!@
8: <whileloop line 55, col 14 to line 61, col 49 of module getRightShifts2>
/\ result = <<1, 2, 3, 4>>
/\ i = 2
/\ pc = "calNewPos"
/\ newPos = 1

@!@!@ENDMSG 2217 @!@!@
@!@!@STARTMSG 2217:4 @!@!@
9: <calNewPos line 63, col 14 to line 66, col 41 of module getRightShifts2>
/\ result = <<1, 2, 3, 4>>
/\ i = 2
/\ pc = "assignResult"
/\ newPos = 2

@!@!@ENDMSG 2217 @!@!@
@!@!@STARTMSG 2217:4 @!@!@
10: <assignResult line 68, col 17 to line 71, col 44 of module getRightShifts2>
/\ result = <<1, 2, 3, 4>>
/\ i = 2
/\ pc = "incrementI"
/\ newPos = 2

@!@!@ENDMSG 2217 @!@!@
@!@!@STARTMSG 2217:4 @!@!@
11: <incrementI line 73, col 15 to line 76, col 47 of module getRightShifts2>
/\ result = <<1, 2, 3, 4>>
/\ i = 3
/\ pc = "whileloop"
/\ newPos = 2

@!@!@ENDMSG 2217 @!@!@
@!@!@STARTMSG 2217:4 @!@!@
12: <whileloop line 55, col 14 to line 61, col 49 of module getRightShifts2>
/\ result = <<1, 2, 3, 4>>
/\ i = 3
/\ pc = "calNewPos"
/\ newPos = 2

@!@!@ENDMSG 2217 @!@!@
@!@!@STARTMSG 2217:4 @!@!@
13: <calNewPos line 63, col 14 to line 66, col 41 of module getRightShifts2>
/\ result = <<1, 2, 3, 4>>
/\ i = 3
/\ pc = "assignResult"
/\ newPos = 3

@!@!@ENDMSG 2217 @!@!@
@!@!@STARTMSG 2217:4 @!@!@
14: <assignResult line 68, col 17 to line 71, col 44 of module getRightShifts2>
/\ result = <<1, 2, 3, 4>>
/\ i = 3
/\ pc = "incrementI"
/\ newPos = 3

@!@!@ENDMSG 2217 @!@!@
@!@!@STARTMSG 2217:4 @!@!@
15: <incrementI line 73, col 15 to line 76, col 47 of module getRightShifts2>
/\ result = <<1, 2, 3, 4>>
/\ i = 4
/\ pc = "whileloop"
/\ newPos = 3

@!@!@ENDMSG 2217 @!@!@
@!@!@STARTMSG 2217:4 @!@!@
16: <whileloop line 55, col 14 to line 61, col 49 of module getRightShifts2>
/\ result = <<1, 2, 3, 4>>
/\ i = 4
/\ pc = "calNewPos"
/\ newPos = 3

@!@!@ENDMSG 2217 @!@!@
@!@!@STARTMSG 2217:4 @!@!@
17: <calNewPos line 63, col 14 to line 66, col 41 of module getRightShifts2>
/\ result = <<1, 2, 3, 4>>
/\ i = 4
/\ pc = "assignResult"
/\ newPos = 0

@!@!@ENDMSG 2217 @!@!@
@!@!@STARTMSG 2217:4 @!@!@
18: <assignResult line 68, col 17 to line 71, col 44 of module getRightShifts2>
/\ result = <<1, 2, 3, 4>>
/\ i = 4
/\ pc = "incrementI"
/\ newPos = 0

@!@!@ENDMSG 2217 @!@!@
@!@!@STARTMSG 2217:4 @!@!@
19: <incrementI line 73, col 15 to line 76, col 47 of module getRightShifts2>
/\ result = <<1, 2, 3, 4>>
/\ i = 5
/\ pc = "whileloop"
/\ newPos = 0

@!@!@ENDMSG 2217 @!@!@
@!@!@STARTMSG 2103:1 @!@!@
The error occurred when TLC was evaluating the nested
expressions at the following positions:
0. Line 55, column 14 to line 61, column 49 in getRightShifts2
1. Line 55, column 17 to line 55, column 32 in getRightShifts2
2. Line 56, column 17 to line 60, column 39 in getRightShifts2
3. Line 58, column 25 to line 60, column 39 in getRightShifts2
4. Line 58, column 28 to line 59, column 80 in getRightShifts2


@!@!@ENDMSG 2103 @!@!@
@!@!@STARTMSG 2201:0 @!@!@
The coverage statistics at 2023-03-05 21:54:55
@!@!@ENDMSG 2201 @!@!@
@!@!@STARTMSG 2773:0 @!@!@
<Init line 37, col 1 to line 37, col 4 of module getRightShifts2>: 2:2
@!@!@ENDMSG 2773 @!@!@
@!@!@STARTMSG 2221:0 @!@!@
  line 38, col 9 to line 41, col 33 of module getRightShifts2: 2
@!@!@ENDMSG 2221 @!@!@
@!@!@STARTMSG 2772:0 @!@!@
<assertNGreater0 line 43, col 1 to line 43, col 15 of module getRightShifts2>: 1:2
@!@!@ENDMSG 2772 @!@!@
@!@!@STARTMSG 2221:0 @!@!@
  line 43, col 23 to line 43, col 44 of module getRightShifts2: 40
@!@!@ENDMSG 2221 @!@!@
@!@!@STARTMSG 2221:0 @!@!@
  |line 43, col 23 to line 43, col 24 of module getRightShifts2: 38
@!@!@ENDMSG 2221 @!@!@
@!@!@STARTMSG 2221:0 @!@!@
  line 44, col 23 to line 45, col 75 of module getRightShifts2: 2
@!@!@ENDMSG 2221 @!@!@
@!@!@STARTMSG 2221:0 @!@!@
  line 46, col 23 to line 46, col 47 of module getRightShifts2: 2
@!@!@ENDMSG 2221 @!@!@
@!@!@STARTMSG 2221:0 @!@!@
  line 47, col 23 to line 47, col 55 of module getRightShifts2: 2
@!@!@ENDMSG 2221 @!@!@
@!@!@STARTMSG 2772:0 @!@!@
<assertLenGreater0 line 49, col 1 to line 49, col 17 of module getRightShifts2>: 1:2
@!@!@ENDMSG 2772 @!@!@
@!@!@STARTMSG 2221:0 @!@!@
  line 49, col 25 to line 49, col 48 of module getRightShifts2: 39
@!@!@ENDMSG 2221 @!@!@
@!@!@STARTMSG 2221:0 @!@!@
  |line 49, col 25 to line 49, col 26 of module getRightShifts2: 37
@!@!@ENDMSG 2221 @!@!@
@!@!@STARTMSG 2221:0 @!@!@
  line 50, col 25 to line 51, col 77 of module getRightShifts2: 2
@!@!@ENDMSG 2221 @!@!@
@!@!@STARTMSG 2221:0 @!@!@
  line 52, col 25 to line 52, col 41 of module getRightShifts2: 2
@!@!@ENDMSG 2221 @!@!@
@!@!@STARTMSG 2221:0 @!@!@
  line 53, col 25 to line 53, col 57 of module getRightShifts2: 2
@!@!@ENDMSG 2221 @!@!@
@!@!@STARTMSG 2772:0 @!@!@
<whileloop line 55, col 1 to line 55, col 9 of module getRightShifts2>: 4:8
@!@!@ENDMSG 2772 @!@!@
@!@!@STARTMSG 2221:0 @!@!@
  line 55, col 17 to line 55, col 32 of module getRightShifts2: 44
@!@!@ENDMSG 2221 @!@!@
@!@!@STARTMSG 2221:0 @!@!@
  |line 55, col 17 to line 55, col 18 of module getRightShifts2: 36
@!@!@ENDMSG 2221 @!@!@
@!@!@STARTMSG 2221:0 @!@!@
  line 56, col 20 to line 56, col 34 of module getRightShifts2: 10
@!@!@ENDMSG 2221 @!@!@
@!@!@STARTMSG 2221:0 @!@!@
  line 57, col 25 to line 57, col 44 of module getRightShifts2: 8
@!@!@ENDMSG 2221 @!@!@
@!@!@STARTMSG 2221:0 @!@!@
  line 58, col 28 to line 59, col 80 of module getRightShifts2: 2
@!@!@ENDMSG 2221 @!@!@
@!@!@STARTMSG 2221:0 @!@!@
  line 60, col 28 to line 60, col 39 of module getRightShifts2: 0
@!@!@ENDMSG 2221 @!@!@
@!@!@STARTMSG 2221:0 @!@!@
  line 61, col 17 to line 61, col 49 of module getRightShifts2: 8
@!@!@ENDMSG 2221 @!@!@
@!@!@STARTMSG 2772:0 @!@!@
<calNewPos line 63, col 1 to line 63, col 9 of module getRightShifts2>: 4:8
@!@!@ENDMSG 2772 @!@!@
@!@!@STARTMSG 2221:0 @!@!@
  line 63, col 17 to line 63, col 32 of module getRightShifts2: 38
@!@!@ENDMSG 2221 @!@!@
@!@!@STARTMSG 2221:0 @!@!@
  |line 63, col 17 to line 63, col 18 of module getRightShifts2: 30
@!@!@ENDMSG 2221 @!@!@
@!@!@STARTMSG 2221:0 @!@!@
  line 64, col 17 to line 64, col 54 of module getRightShifts2: 8
@!@!@ENDMSG 2221 @!@!@
@!@!@STARTMSG 2221:0 @!@!@
  line 65, col 17 to line 65, col 36 of module getRightShifts2: 8
@!@!@ENDMSG 2221 @!@!@
@!@!@STARTMSG 2221:0 @!@!@
  line 66, col 17 to line 66, col 41 of module getRightShifts2: 8
@!@!@ENDMSG 2221 @!@!@
@!@!@STARTMSG 2772:0 @!@!@
<assignResult line 68, col 1 to line 68, col 12 of module getRightShifts2>: 4:8
@!@!@ENDMSG 2772 @!@!@
@!@!@STARTMSG 2221:0 @!@!@
  line 68, col 20 to line 68, col 38 of module getRightShifts2: 34
@!@!@ENDMSG 2221 @!@!@
@!@!@STARTMSG 2221:0 @!@!@
  |line 68, col 20 to line 68, col 21 of module getRightShifts2: 26
@!@!@ENDMSG 2221 @!@!@
@!@!@STARTMSG 2221:0 @!@!@
  line 69, col 20 to line 69, col 65 of module getRightShifts2: 8
@!@!@ENDMSG 2221 @!@!@
@!@!@STARTMSG 2221:0 @!@!@
  |line 69, col 30 to line 69, col 65 of module getRightShifts2: 8
@!@!@ENDMSG 2221 @!@!@
@!@!@STARTMSG 2221:0 @!@!@
  ||line 69, col 31 to line 69, col 36 of module getRightShifts2: 8
@!@!@ENDMSG 2221 @!@!@
@!@!@STARTMSG 2221:0 @!@!@
  ||line 69, col 45 to line 69, col 64 of module getRightShifts2: 8
@!@!@ENDMSG 2221 @!@!@
@!@!@STARTMSG 2221:0 @!@!@
  ||line 69, col 57 to line 69, col 64 of module getRightShifts2: 6
@!@!@ENDMSG 2221 @!@!@
@!@!@STARTMSG 2221:0 @!@!@
  line 70, col 20 to line 70, col 37 of module getRightShifts2: 8
@!@!@ENDMSG 2221 @!@!@
@!@!@STARTMSG 2221:0 @!@!@
  line 71, col 20 to line 71, col 44 of module getRightShifts2: 8
@!@!@ENDMSG 2221 @!@!@
@!@!@STARTMSG 2772:0 @!@!@
<incrementI line 73, col 1 to line 73, col 10 of module getRightShifts2>: 4:8
@!@!@ENDMSG 2772 @!@!@
@!@!@STARTMSG 2221:0 @!@!@
  line 73, col 18 to line 73, col 34 of module getRightShifts2: 30
@!@!@ENDMSG 2221 @!@!@
@!@!@STARTMSG 2221:0 @!@!@
  |line 73, col 18 to line 73, col 19 of module getRightShifts2: 22
@!@!@ENDMSG 2221 @!@!@
@!@!@STARTMSG 2221:0 @!@!@
  line 74, col 18 to line 74, col 27 of module getRightShifts2: 8
@!@!@ENDMSG 2221 @!@!@
@!@!@STARTMSG 2221:0 @!@!@
  line 75, col 18 to line 75, col 34 of module getRightShifts2: 8
@!@!@ENDMSG 2221 @!@!@
@!@!@STARTMSG 2221:0 @!@!@
  line 76, col 18 to line 76, col 47 of module getRightShifts2: 8
@!@!@ENDMSG 2221 @!@!@
@!@!@STARTMSG 2772:0 @!@!@
<Terminating line 79, col 1 to line 79, col 11 of module getRightShifts2>: 0:0
@!@!@ENDMSG 2772 @!@!@
@!@!@STARTMSG 2221:0 @!@!@
  line 79, col 16 to line 79, col 26 of module getRightShifts2: 18
@!@!@ENDMSG 2221 @!@!@
@!@!@STARTMSG 2221:0 @!@!@
  line 79, col 31 to line 79, col 44 of module getRightShifts2: 0
@!@!@ENDMSG 2221 @!@!@
@!@!@STARTMSG 2202:0 @!@!@
End of statistics.
@!@!@ENDMSG 2202 @!@!@
@!@!@STARTMSG 2200:0 @!@!@
Progress(19) at 2023-03-05 21:54:55: 19 states generated (873 s/min), 19 distinct states found (873 ds/min), 0 states left on queue.
@!@!@ENDMSG 2200 @!@!@
@!@!@STARTMSG 2199:0 @!@!@
19 states generated, 19 distinct states found, 0 states left on queue.
@!@!@ENDMSG 2199 @!@!@
@!@!@STARTMSG 2186:0 @!@!@
Finished in 1316ms at (2023-03-05 21:54:55)
@!@!@ENDMSG 2186 @!@!@
